<?xml version="1.0" encoding="UTF-8"?>
<testsuite xmlns:xsi="http://www.w3.org/2001/XMLSchema-instance" xsi:noNamespaceSchemaLocation="https://maven.apache.org/surefire/maven-surefire-plugin/xsd/surefire-test-report-3.0.xsd" version="3.0" name="org.example.ApplicationLayer.CompanyServiceTest" time="2.651" tests="62" errors="0" skipped="0" failures="0">
  <properties>
[...]
</properties>
  <testcase name="testGenerateSalesReport_ReturnsConsolidatedData" classname="org.example.ApplicationLayer.CompanyServiceTest" time="0.773">
    <system-err><![CDATA[WARNING: A Java agent has been loaded dynamically (C:\Users\ofekb\.m2\repository\net\bytebuddy\byte-buddy-agent\1.14.12\byte-buddy-agent-1.14.12.jar)
WARNING: If a serviceability tool is in use, please run with -XX:+EnableDynamicAgentLoading to hide this warning
WARNING: If a serviceability tool is not in use, please run with -Djdk.instrument.traceUsage for more information
WARNING: Dynamic loading of agents will be disallowed by default in a future release
]]></system-err>
  </testcase>
  <testcase name="closeCompanyAsAdmin_whenAdminUsernameIsBlank_throwsExceptionAndDoesNotTouchRepositories" classname="org.example.ApplicationLayer.CompanyServiceTest" time="0.048">
    <system-err><![CDATA[May 13, 2026 1:36:28 PM org.example.ApplicationLayer.CompanyService closeCompanyAsAdmin
INFO: caller= , action=closeCompanyAsAdmin, target=RolesDomainService.closeCompanyAsAdmin, params={adminUsername= , companyId=95c30c80-2e31-429d-8388-5a63305093de}
May 13, 2026 1:36:28 PM org.example.ApplicationLayer.CompanyService closeCompanyAsAdmin
SEVERE: action=closeCompanyAsAdmin failed, caller= , target=RolesDomainService.closeCompanyAsAdmin, params={adminUsername= , companyId=95c30c80-2e31-429d-8388-5a63305093de}, error=Admin username is required
]]></system-err>
  </testcase>
  <testcase name="testSuccessfulUserRemovalAsAdmin" classname="org.example.ApplicationLayer.CompanyServiceTest" time="0.029">
    <system-err><![CDATA[May 13, 2026 1:36:28 PM org.example.ApplicationLayer.CompanyService removeCompanyMemberAsAdmin
INFO: caller=admin, action=removeCompanyMemberAsAdmin, target=RolesDomainService.removeCompanyMemberAsAdmin, params={adminUsername=admin, usernameToRemove=member}
May 13, 2026 1:36:28 PM org.example.ApplicationLayer.CompanyService removeCompanyMemberAsAdmin
INFO: action=removeCompanyMemberAsAdmin completed successfully, params={adminUsername=admin, usernameToRemove=member}
]]></system-err>
  </testcase>
  <testcase name="closeCompanyAsAdmin_whenUserIsNotSystemAdmin_throwsExceptionAndDoesNotFetchCompany" classname="org.example.ApplicationLayer.CompanyServiceTest" time="0.005">
    <system-err><![CDATA[May 13, 2026 1:36:28 PM org.example.ApplicationLayer.CompanyService closeCompanyAsAdmin
INFO: caller=regularUser, action=closeCompanyAsAdmin, target=RolesDomainService.closeCompanyAsAdmin, params={adminUsername=regularUser, companyId=aad2a2c1-cc18-449f-8509-779a67a84096}
May 13, 2026 1:36:28 PM org.example.ApplicationLayer.CompanyService closeCompanyAsAdmin
SEVERE: action=closeCompanyAsAdmin failed, caller=regularUser, target=RolesDomainService.closeCompanyAsAdmin, params={adminUsername=regularUser, companyId=aad2a2c1-cc18-449f-8509-779a67a84096}, error=User is not system admin
]]></system-err>
  </testcase>
  <testcase name="testUnauthorizedOwnershipRemoval_BlockedWhenNotDirectAppointer" classname="org.example.ApplicationLayer.CompanyServiceTest" time="0.011"/>
  <testcase name="testInviteCompanyManager_NullOwner_ValidationFails" classname="org.example.ApplicationLayer.CompanyServiceTest" time="0.006"/>
  <testcase name="testAcceptCompanyInvitation_MissingCompany_Throws" classname="org.example.ApplicationLayer.CompanyServiceTest" time="0.008"/>
  <testcase name="removeCompanyMemberAsAdmin_whenUserIsNotAssignedToAnyCompany_throwsExceptionAndDoesNotSave" classname="org.example.ApplicationLayer.CompanyServiceTest" time="0.014">
    <system-err><![CDATA[May 13, 2026 1:36:28 PM org.example.ApplicationLayer.CompanyService removeCompanyMemberAsAdmin
INFO: caller=admin, action=removeCompanyMemberAsAdmin, target=RolesDomainService.removeCompanyMemberAsAdmin, params={adminUsername=admin, usernameToRemove=member}
May 13, 2026 1:36:28 PM org.example.ApplicationLayer.CompanyService removeCompanyMemberAsAdmin
SEVERE: action=removeCompanyMemberAsAdmin failed, caller=admin, target=RolesDomainService.removeCompanyMemberAsAdmin, params={adminUsername=admin, usernameToRemove=member}, error=User is not assigned to any company
]]></system-err>
  </testcase>
  <testcase name="testDeleteSpecificPolicyRules" classname="org.example.ApplicationLayer.CompanyServiceTest" time="0.012"/>
  <testcase name="testAddPolicyRule_HandlesNullOptionalsGracefully" classname="org.example.ApplicationLayer.CompanyServiceTest" time="0.005"/>
  <testcase name="removeCompanyMemberAsAdmin_whenAdminUsernameIsNull_throwsExceptionAndDoesNotTouchRepositories" classname="org.example.ApplicationLayer.CompanyServiceTest" time="0.009">
    <system-err><![CDATA[May 13, 2026 1:36:28 PM org.example.ApplicationLayer.CompanyService removeCompanyMemberAsAdmin
INFO: caller=null, action=removeCompanyMemberAsAdmin, target=RolesDomainService.removeCompanyMemberAsAdmin, params={adminUsername=null, usernameToRemove=member}
May 13, 2026 1:36:28 PM org.example.ApplicationLayer.CompanyService removeCompanyMemberAsAdmin
SEVERE: action=removeCompanyMemberAsAdmin failed, caller=null, target=RolesDomainService.removeCompanyMemberAsAdmin, params={adminUsername=null, usernameToRemove=member}, error=Admin username is required
]]></system-err>
  </testcase>
  <testcase name="closeCompanyAsAdmin_whenCompanyAlreadyInactive_throwsExceptionAndDoesNotCloseAgain" classname="org.example.ApplicationLayer.CompanyServiceTest" time="0.088">
    <system-err><![CDATA[May 13, 2026 1:36:28 PM org.example.ApplicationLayer.CompanyService closeCompanyAsAdmin
INFO: caller=admin, action=closeCompanyAsAdmin, target=RolesDomainService.closeCompanyAsAdmin, params={adminUsername=admin, companyId=83026ddc-db73-4cef-a863-85e2a143aec2}
May 13, 2026 1:36:28 PM org.example.ApplicationLayer.CompanyService closeCompanyAsAdmin
SEVERE: action=closeCompanyAsAdmin failed, caller=admin, target=RolesDomainService.closeCompanyAsAdmin, params={adminUsername=admin, companyId=83026ddc-db73-4cef-a863-85e2a143aec2}, error=Company already inactive
]]></system-err>
  </testcase>
  <testcase name="testUnauthorizedManagerAppointment_Rejected" classname="org.example.ApplicationLayer.CompanyServiceTest" time="0.005"/>
  <testcase name="testCreateCompany_ValidInput_CallsDomainService" classname="org.example.ApplicationLayer.CompanyServiceTest" time="0.006">
    <system-err><![CDATA[May 13, 2026 1:36:28 PM org.example.ApplicationLayer.CompanyService createCompany
INFO: Attempting to create company: 'Workshop Ltd' for founder: moshiko123
May 13, 2026 1:36:28 PM org.example.ApplicationLayer.CompanyService createCompany
INFO: Successfully created company 'Workshop Ltd' with ID: null
]]></system-err>
  </testcase>
  <testcase name="testRemoveCompanyMember_AdminUsernameIsNull" classname="org.example.ApplicationLayer.CompanyServiceTest" time="0.004">
    <system-err><![CDATA[May 13, 2026 1:36:28 PM org.example.ApplicationLayer.CompanyService removeCompanyMemberAsAdmin
INFO: caller=null, action=removeCompanyMemberAsAdmin, target=RolesDomainService.removeCompanyMemberAsAdmin, params={adminUsername=null, usernameToRemove=member}
May 13, 2026 1:36:28 PM org.example.ApplicationLayer.CompanyService removeCompanyMemberAsAdmin
SEVERE: action=removeCompanyMemberAsAdmin failed, caller=null, target=RolesDomainService.removeCompanyMemberAsAdmin, params={adminUsername=null, usernameToRemove=member}, error=Admin username is required
]]></system-err>
  </testcase>
  <testcase name="testChangeManagerPermissions_Valid_UpdatesPermissions" classname="org.example.ApplicationLayer.CompanyServiceTest" time="0.002"/>
  <testcase name="testUnauthorizedCompanyClosure" classname="org.example.ApplicationLayer.CompanyServiceTest" time="0.008">
    <system-err><![CDATA[May 13, 2026 1:36:28 PM org.example.ApplicationLayer.CompanyService closeCompanyAsAdmin
INFO: caller=regularUser, action=closeCompanyAsAdmin, target=RolesDomainService.closeCompanyAsAdmin, params={adminUsername=regularUser, companyId=5e03dc8d-2c64-4e26-bcb8-7d35f51b3e62}
May 13, 2026 1:36:28 PM org.example.ApplicationLayer.CompanyService closeCompanyAsAdmin
SEVERE: action=closeCompanyAsAdmin failed, caller=regularUser, target=RolesDomainService.closeCompanyAsAdmin, params={adminUsername=regularUser, companyId=5e03dc8d-2c64-4e26-bcb8-7d35f51b3e62}, error=User is not an admin
]]></system-err>
  </testcase>
  <testcase name="testInviteCompanyManager_Valid_AddsManagerAfterAccept" classname="org.example.ApplicationLayer.CompanyServiceTest" time="0.004"/>
  <testcase name="testInviteCompanyOwner_Valid_AddsOwnerAfterAccept" classname="org.example.ApplicationLayer.CompanyServiceTest" time="0.003"/>
  <testcase name="testRemoveCompanyMember_UsernameToRemoveIsNull" classname="org.example.ApplicationLayer.CompanyServiceTest" time="0.006">
    <system-err><![CDATA[May 13, 2026 1:36:28 PM org.example.ApplicationLayer.CompanyService removeCompanyMemberAsAdmin
INFO: caller=admin, action=removeCompanyMemberAsAdmin, target=RolesDomainService.removeCompanyMemberAsAdmin, params={adminUsername=admin, usernameToRemove=null}
May 13, 2026 1:36:28 PM org.example.ApplicationLayer.CompanyService removeCompanyMemberAsAdmin
SEVERE: action=removeCompanyMemberAsAdmin failed, caller=admin, target=RolesDomainService.removeCompanyMemberAsAdmin, params={adminUsername=admin, usernameToRemove=null}, error=Username to remove is required
]]></system-err>
  </testcase>
  <testcase name="removeCompanyMemberAsAdmin_whenAdminRemovesExistingMember_removesFromAllCompaniesAndSaves" classname="org.example.ApplicationLayer.CompanyServiceTest" time="0.007">
    <system-err><![CDATA[May 13, 2026 1:36:28 PM org.example.ApplicationLayer.CompanyService removeCompanyMemberAsAdmin
INFO: caller=admin, action=removeCompanyMemberAsAdmin, target=RolesDomainService.removeCompanyMemberAsAdmin, params={adminUsername=admin, usernameToRemove=member}
May 13, 2026 1:36:28 PM org.example.ApplicationLayer.CompanyService removeCompanyMemberAsAdmin
INFO: action=removeCompanyMemberAsAdmin completed successfully, params={adminUsername=admin, usernameToRemove=member}
]]></system-err>
  </testcase>
  <testcase name="testSuccessfulManagerRemoval_RemovesManagerAndUpdatesHierarchy" classname="org.example.ApplicationLayer.CompanyServiceTest" time="0.003"/>
  <testcase name="testAddOvertDiscount_VerifyStatePersistence" classname="org.example.ApplicationLayer.CompanyServiceTest" time="0.006"/>
  <testcase name="testCreateCompany_NullUsername_ThrowsException" classname="org.example.ApplicationLayer.CompanyServiceTest" time="0.006">
    <system-err><![CDATA[May 13, 2026 1:36:28 PM org.example.ApplicationLayer.CompanyService createCompany
INFO: Attempting to create company: 'Some Company' for founder: null
May 13, 2026 1:36:28 PM org.example.ApplicationLayer.CompanyService createCompany
WARNING: Company creation failed: founder username is required
May 13, 2026 1:36:28 PM org.example.ApplicationLayer.CompanyService createCompany
SEVERE: Failed to create company 'Some Company'. Error: Company creation failed: founder username is required
]]></system-err>
  </testcase>
  <testcase name="testAppointmentToNonExistentUser_NoInvitationCreated" classname="org.example.ApplicationLayer.CompanyServiceTest" time="0.004"/>
  <testcase name="testAppointeeAlreadyHasRole_Blocked" classname="org.example.ApplicationLayer.CompanyServiceTest" time="0.004"/>
  <testcase name="testCreateCompany_EmptyUsername_ThrowsException" classname="org.example.ApplicationLayer.CompanyServiceTest" time="0.006">
    <system-err><![CDATA[May 13, 2026 1:36:28 PM org.example.ApplicationLayer.CompanyService createCompany
INFO: Attempting to create company: 'Some Company' for founder:    
May 13, 2026 1:36:28 PM org.example.ApplicationLayer.CompanyService createCompany
WARNING: Company creation failed: founder username is required
May 13, 2026 1:36:28 PM org.example.ApplicationLayer.CompanyService createCompany
SEVERE: Failed to create company 'Some Company'. Error: Company creation failed: founder username is required
]]></system-err>
  </testcase>
  <testcase name="testRemoveCompanyMemberAsOwner_Valid_RemovesMember" classname="org.example.ApplicationLayer.CompanyServiceTest" time="0.001"/>
  <testcase name="removeCompanyMemberAsAdmin_whenAdminUsernameIsBlank_throwsExceptionAndDoesNotTouchRepositories" classname="org.example.ApplicationLayer.CompanyServiceTest" time="0.005">
    <system-err><![CDATA[May 13, 2026 1:36:28 PM org.example.ApplicationLayer.CompanyService removeCompanyMemberAsAdmin
INFO: caller= , action=removeCompanyMemberAsAdmin, target=RolesDomainService.removeCompanyMemberAsAdmin, params={adminUsername= , usernameToRemove=member}
May 13, 2026 1:36:28 PM org.example.ApplicationLayer.CompanyService removeCompanyMemberAsAdmin
SEVERE: action=removeCompanyMemberAsAdmin failed, caller= , target=RolesDomainService.removeCompanyMemberAsAdmin, params={adminUsername= , usernameToRemove=member}, error=Admin username is required
]]></system-err>
  </testcase>
  <testcase name="testUserIsNotMember" classname="org.example.ApplicationLayer.CompanyServiceTest" time="0.012">
    <system-err><![CDATA[May 13, 2026 1:36:28 PM org.example.ApplicationLayer.CompanyService removeCompanyMemberAsAdmin
INFO: caller=admin, action=removeCompanyMemberAsAdmin, target=RolesDomainService.removeCompanyMemberAsAdmin, params={adminUsername=admin, usernameToRemove=guest}
May 13, 2026 1:36:28 PM org.example.ApplicationLayer.CompanyService removeCompanyMemberAsAdmin
SEVERE: action=removeCompanyMemberAsAdmin failed, caller=admin, target=RolesDomainService.removeCompanyMemberAsAdmin, params={adminUsername=admin, usernameToRemove=guest}, error=User is not a member
]]></system-err>
  </testcase>
  <testcase name="testCloseCompany_AdminUsernameIsNull" classname="org.example.ApplicationLayer.CompanyServiceTest" time="0.001">
    <system-err><![CDATA[May 13, 2026 1:36:28 PM org.example.ApplicationLayer.CompanyService closeCompanyAsAdmin
INFO: caller=null, action=closeCompanyAsAdmin, target=RolesDomainService.closeCompanyAsAdmin, params={adminUsername=null, companyId=54585448-e137-43e6-8947-5f1416fb4fcf}
May 13, 2026 1:36:28 PM org.example.ApplicationLayer.CompanyService closeCompanyAsAdmin
SEVERE: action=closeCompanyAsAdmin failed, caller=null, target=RolesDomainService.closeCompanyAsAdmin, params={adminUsername=null, companyId=54585448-e137-43e6-8947-5f1416fb4fcf}, error=Admin username is required
]]></system-err>
  </testcase>
  <testcase name="testCompanyAlreadyClosed" classname="org.example.ApplicationLayer.CompanyServiceTest" time="0.001">
    <system-err><![CDATA[May 13, 2026 1:36:28 PM org.example.ApplicationLayer.CompanyService closeCompanyAsAdmin
INFO: caller=admin, action=closeCompanyAsAdmin, target=RolesDomainService.closeCompanyAsAdmin, params={adminUsername=admin, companyId=c1f19a20-a01a-4013-a960-49e54a696b93}
May 13, 2026 1:36:28 PM org.example.ApplicationLayer.CompanyService closeCompanyAsAdmin
SEVERE: action=closeCompanyAsAdmin failed, caller=admin, target=RolesDomainService.closeCompanyAsAdmin, params={adminUsername=admin, companyId=c1f19a20-a01a-4013-a960-49e54a696b93}, error=Company is already closed
]]></system-err>
  </testcase>
  <testcase name="testSuccessfulRecursiveOwnershipRemoval_RemovesOwnerAndAllSubordinates" classname="org.example.ApplicationLayer.CompanyServiceTest" time="0.031"/>
  <testcase name="testUnauthorizedUserRemoval" classname="org.example.ApplicationLayer.CompanyServiceTest" time="0.008">
    <system-err><![CDATA[May 13, 2026 1:36:28 PM org.example.ApplicationLayer.CompanyService removeCompanyMemberAsAdmin
INFO: caller=regularUser, action=removeCompanyMemberAsAdmin, target=RolesDomainService.removeCompanyMemberAsAdmin, params={adminUsername=regularUser, usernameToRemove=member}
May 13, 2026 1:36:28 PM org.example.ApplicationLayer.CompanyService removeCompanyMemberAsAdmin
SEVERE: action=removeCompanyMemberAsAdmin failed, caller=regularUser, target=RolesDomainService.removeCompanyMemberAsAdmin, params={adminUsername=regularUser, usernameToRemove=member}, error=User is not system admin
]]></system-err>
  </testcase>
  <testcase name="testAddPolicyRule_ActuallyPersistsInCompany" classname="org.example.ApplicationLayer.CompanyServiceTest" time="0.001"/>
  <testcase name="testSuccessfulManagerAppointment_CreatesInvitationAndPendingUntilAccept" classname="org.example.ApplicationLayer.CompanyServiceTest" time="0.004"/>
  <testcase name="testCloseCompany_AdminUsernameIsBlank" classname="org.example.ApplicationLayer.CompanyServiceTest" time="0.005">
    <system-err><![CDATA[May 13, 2026 1:36:28 PM org.example.ApplicationLayer.CompanyService closeCompanyAsAdmin
INFO: caller= , action=closeCompanyAsAdmin, target=RolesDomainService.closeCompanyAsAdmin, params={adminUsername= , companyId=b0d842b8-c4ef-4045-a280-f7073aebee79}
May 13, 2026 1:36:28 PM org.example.ApplicationLayer.CompanyService closeCompanyAsAdmin
SEVERE: action=closeCompanyAsAdmin failed, caller= , target=RolesDomainService.closeCompanyAsAdmin, params={adminUsername= , companyId=b0d842b8-c4ef-4045-a280-f7073aebee79}, error=Admin username is required
]]></system-err>
  </testcase>
  <testcase name="testChangeManagerPermissions_OwnerNull_ValidationFails" classname="org.example.ApplicationLayer.CompanyServiceTest" time="0.002"/>
  <testcase name="removeCompanyMemberAsAdmin_whenUsernameToRemoveIsBlank_throwsExceptionAndDoesNotTouchRepositories" classname="org.example.ApplicationLayer.CompanyServiceTest" time="0.007">
    <system-err><![CDATA[May 13, 2026 1:36:28 PM org.example.ApplicationLayer.CompanyService removeCompanyMemberAsAdmin
INFO: caller=admin, action=removeCompanyMemberAsAdmin, target=RolesDomainService.removeCompanyMemberAsAdmin, params={adminUsername=admin, usernameToRemove= }
May 13, 2026 1:36:28 PM org.example.ApplicationLayer.CompanyService removeCompanyMemberAsAdmin
SEVERE: action=removeCompanyMemberAsAdmin failed, caller=admin, target=RolesDomainService.removeCompanyMemberAsAdmin, params={adminUsername=admin, usernameToRemove= }, error=Username to remove is required
]]></system-err>
  </testcase>
  <testcase name="removeCompanyMemberAsAdmin_whenUsernameToRemoveIsNull_throwsExceptionAndDoesNotTouchRepositories" classname="org.example.ApplicationLayer.CompanyServiceTest" time="0.005">
    <system-err><![CDATA[May 13, 2026 1:36:28 PM org.example.ApplicationLayer.CompanyService removeCompanyMemberAsAdmin
INFO: caller=admin, action=removeCompanyMemberAsAdmin, target=RolesDomainService.removeCompanyMemberAsAdmin, params={adminUsername=admin, usernameToRemove=null}
May 13, 2026 1:36:28 PM org.example.ApplicationLayer.CompanyService removeCompanyMemberAsAdmin
SEVERE: action=removeCompanyMemberAsAdmin failed, caller=admin, target=RolesDomainService.removeCompanyMemberAsAdmin, params={adminUsername=admin, usernameToRemove=null}, error=Username to remove is required
]]></system-err>
  </testcase>
  <testcase name="closeCompanyAsAdmin_whenCompanyIdIsNull_throwsExceptionAndDoesNotTouchRepositories" classname="org.example.ApplicationLayer.CompanyServiceTest" time="0.005">
    <system-err><![CDATA[May 13, 2026 1:36:28 PM org.example.ApplicationLayer.CompanyService closeCompanyAsAdmin
INFO: caller=admin, action=closeCompanyAsAdmin, target=RolesDomainService.closeCompanyAsAdmin, params={adminUsername=admin, companyId=null}
May 13, 2026 1:36:28 PM org.example.ApplicationLayer.CompanyService closeCompanyAsAdmin
SEVERE: action=closeCompanyAsAdmin failed, caller=admin, target=RolesDomainService.closeCompanyAsAdmin, params={adminUsername=admin, companyId=null}, error=Company ID is required
]]></system-err>
  </testcase>
  <testcase name="removeCompanyMemberAsAdmin_whenUserIsNotSystemAdmin_throwsExceptionAndDoesNotFetchCompanies" classname="org.example.ApplicationLayer.CompanyServiceTest" time="0.008">
    <system-err><![CDATA[May 13, 2026 1:36:28 PM org.example.ApplicationLayer.CompanyService removeCompanyMemberAsAdmin
INFO: caller=regularUser, action=removeCompanyMemberAsAdmin, target=RolesDomainService.removeCompanyMemberAsAdmin, params={adminUsername=regularUser, usernameToRemove=member}
May 13, 2026 1:36:28 PM org.example.ApplicationLayer.CompanyService removeCompanyMemberAsAdmin
SEVERE: action=removeCompanyMemberAsAdmin failed, caller=regularUser, target=RolesDomainService.removeCompanyMemberAsAdmin, params={adminUsername=regularUser, usernameToRemove=member}, error=User is not system admin
]]></system-err>
  </testcase>
  <testcase name="testDeleteDiscountRule_ActuallyRemovesFromCompanyState" classname="org.example.ApplicationLayer.CompanyServiceTest" time="0.002"/>
  <testcase name="testSuccessfulCompanyClosureAsAdmin" classname="org.example.ApplicationLayer.CompanyServiceTest" time="0.007">
    <system-err><![CDATA[May 13, 2026 1:36:28 PM org.example.ApplicationLayer.CompanyService closeCompanyAsAdmin
INFO: caller=admin, action=closeCompanyAsAdmin, target=RolesDomainService.closeCompanyAsAdmin, params={adminUsername=admin, companyId=22f770fb-44e4-4db9-a01f-4a06146f8ee9}
May 13, 2026 1:36:28 PM org.example.ApplicationLayer.CompanyService closeCompanyAsAdmin
INFO: action=closeCompanyAsAdmin completed successfully, params={adminUsername=admin, companyId=22f770fb-44e4-4db9-a01f-4a06146f8ee9}
]]></system-err>
  </testcase>
  <testcase name="closeCompanyAsAdmin_whenAdminUsernameIsNull_throwsExceptionAndDoesNotTouchRepositories" classname="org.example.ApplicationLayer.CompanyServiceTest" time="0.002">
    <system-err><![CDATA[May 13, 2026 1:36:28 PM org.example.ApplicationLayer.CompanyService closeCompanyAsAdmin
INFO: caller=null, action=closeCompanyAsAdmin, target=RolesDomainService.closeCompanyAsAdmin, params={adminUsername=null, companyId=0f501bee-a12c-48ea-98d8-9e9cf0c8e6d5}
May 13, 2026 1:36:28 PM org.example.ApplicationLayer.CompanyService closeCompanyAsAdmin
SEVERE: action=closeCompanyAsAdmin failed, caller=null, target=RolesDomainService.closeCompanyAsAdmin, params={adminUsername=null, companyId=0f501bee-a12c-48ea-98d8-9e9cf0c8e6d5}, error=Admin username is required
]]></system-err>
  </testcase>
  <testcase name="testRemoveCompanyMemberAsOwner_OwnerBlank_ValidationFails" classname="org.example.ApplicationLayer.CompanyServiceTest" time="0.001"/>
  <testcase name="closeCompanyAsAdmin_whenCompanyDoesNotExist_throwsExceptionAndDoesNotSave" classname="org.example.ApplicationLayer.CompanyServiceTest" time="0.005">
    <system-err><![CDATA[May 13, 2026 1:36:28 PM org.example.ApplicationLayer.CompanyService closeCompanyAsAdmin
INFO: caller=admin, action=closeCompanyAsAdmin, target=RolesDomainService.closeCompanyAsAdmin, params={adminUsername=admin, companyId=9f9a62c5-0a80-4561-85c5-73125bd69e81}
May 13, 2026 1:36:28 PM org.example.ApplicationLayer.CompanyService closeCompanyAsAdmin
SEVERE: action=closeCompanyAsAdmin failed, caller=admin, target=RolesDomainService.closeCompanyAsAdmin, params={adminUsername=admin, companyId=9f9a62c5-0a80-4561-85c5-73125bd69e81}, error=Company not found
]]></system-err>
  </testcase>
  <testcase name="testRolesListUpdateAfterRemoval_ManagerNoLongerListed" classname="org.example.ApplicationLayer.CompanyServiceTest" time="0.001"/>
  <testcase name="testChangeManagerPermissions_ManagerBlank_ValidationFails" classname="org.example.ApplicationLayer.CompanyServiceTest" time="0.002"/>
  <testcase name="testCircularAppointmentPrevention_Blocked" classname="org.example.ApplicationLayer.CompanyServiceTest" time="0.003"/>
  <testcase name="testRemoveCompanyMember_UsernameToRemoveIsBlank" classname="org.example.ApplicationLayer.CompanyServiceTest" time="0.007">
    <system-err><![CDATA[May 13, 2026 1:36:28 PM org.example.ApplicationLayer.CompanyService removeCompanyMemberAsAdmin
INFO: caller=admin, action=removeCompanyMemberAsAdmin, target=RolesDomainService.removeCompanyMemberAsAdmin, params={adminUsername=admin, usernameToRemove= }
May 13, 2026 1:36:28 PM org.example.ApplicationLayer.CompanyService removeCompanyMemberAsAdmin
SEVERE: action=removeCompanyMemberAsAdmin failed, caller=admin, target=RolesDomainService.removeCompanyMemberAsAdmin, params={adminUsername=admin, usernameToRemove= }, error=Username to remove is required
]]></system-err>
  </testcase>
  <testcase name="closeCompanyAsAdmin_whenTwoAdminsCloseSameCompanyConcurrently_onlyOneCloseIsSaved" classname="org.example.ApplicationLayer.CompanyServiceTest" time="0.06">
    <system-err><![CDATA[May 13, 2026 1:36:28 PM org.example.ApplicationLayer.CompanyService closeCompanyAsAdmin
INFO: caller=admin, action=closeCompanyAsAdmin, target=RolesDomainService.closeCompanyAsAdmin, params={adminUsername=admin, companyId=90f0e759-9e90-4878-9aaa-84933536973a}
May 13, 2026 1:36:28 PM org.example.ApplicationLayer.CompanyService closeCompanyAsAdmin
INFO: caller=admin, action=closeCompanyAsAdmin, target=RolesDomainService.closeCompanyAsAdmin, params={adminUsername=admin, companyId=90f0e759-9e90-4878-9aaa-84933536973a}
May 13, 2026 1:36:28 PM org.example.ApplicationLayer.CompanyService closeCompanyAsAdmin
INFO: action=closeCompanyAsAdmin completed successfully, params={adminUsername=admin, companyId=90f0e759-9e90-4878-9aaa-84933536973a}
May 13, 2026 1:36:28 PM org.example.ApplicationLayer.CompanyService closeCompanyAsAdmin
SEVERE: action=closeCompanyAsAdmin failed, caller=admin, target=RolesDomainService.closeCompanyAsAdmin, params={adminUsername=admin, companyId=90f0e759-9e90-4878-9aaa-84933536973a}, error=Company already inactive
]]></system-err>
  </testcase>
  <testcase name="testUnauthorizedManagerRemoval_BlockedWhenNotDirectAppointer" classname="org.example.ApplicationLayer.CompanyServiceTest" time="0.004"/>
  <testcase name="testInviteCompanyOwner_BlankOwner_ValidationFails" classname="org.example.ApplicationLayer.CompanyServiceTest" time="0.002"/>
  <testcase name="testAcceptCompanyInvitation_Valid_AddsMember" classname="org.example.ApplicationLayer.CompanyServiceTest" time="0.002"/>
  <testcase name="testCompanyNotFound" classname="org.example.ApplicationLayer.CompanyServiceTest" time="0.01">
    <system-err><![CDATA[May 13, 2026 1:36:28 PM org.example.ApplicationLayer.CompanyService closeCompanyAsAdmin
INFO: caller=admin, action=closeCompanyAsAdmin, target=RolesDomainService.closeCompanyAsAdmin, params={adminUsername=admin, companyId=02f28d31-509d-49f8-b6de-e4ea7198c68a}
May 13, 2026 1:36:28 PM org.example.ApplicationLayer.CompanyService closeCompanyAsAdmin
SEVERE: action=closeCompanyAsAdmin failed, caller=admin, target=RolesDomainService.closeCompanyAsAdmin, params={adminUsername=admin, companyId=02f28d31-509d-49f8-b6de-e4ea7198c68a}, error=Company does not exist
]]></system-err>
  </testcase>
  <testcase name="closeCompanyAsAdmin_whenAdminClosesActiveCompany_closesAndSavesCompany" classname="org.example.ApplicationLayer.CompanyServiceTest" time="0.005">
    <system-err><![CDATA[May 13, 2026 1:36:28 PM org.example.ApplicationLayer.CompanyService closeCompanyAsAdmin
INFO: caller=admin, action=closeCompanyAsAdmin, target=RolesDomainService.closeCompanyAsAdmin, params={adminUsername=admin, companyId=ef277bc3-2322-4999-bf45-725987463fa9}
May 13, 2026 1:36:28 PM org.example.ApplicationLayer.CompanyService closeCompanyAsAdmin
INFO: action=closeCompanyAsAdmin completed successfully, params={adminUsername=admin, companyId=ef277bc3-2322-4999-bf45-725987463fa9}
]]></system-err>
  </testcase>
  <testcase name="testUserNotFound" classname="org.example.ApplicationLayer.CompanyServiceTest" time="0.006">
    <system-err><![CDATA[May 13, 2026 1:36:28 PM org.example.ApplicationLayer.CompanyService removeCompanyMemberAsAdmin
INFO: caller=admin, action=removeCompanyMemberAsAdmin, target=RolesDomainService.removeCompanyMemberAsAdmin, params={adminUsername=admin, usernameToRemove=missingUser}
May 13, 2026 1:36:28 PM org.example.ApplicationLayer.CompanyService removeCompanyMemberAsAdmin
SEVERE: action=removeCompanyMemberAsAdmin failed, caller=admin, target=RolesDomainService.removeCompanyMemberAsAdmin, params={adminUsername=admin, usernameToRemove=missingUser}, error=User not found
]]></system-err>
  </testcase>
  <testcase name="testAddMultiplePolicyRules_CorrectReplacementLogic" classname="org.example.ApplicationLayer.CompanyServiceTest" time="0.003"/>
  <testcase name="testRemoveCompanyMember_AdminUsernameIsBlank" classname="org.example.ApplicationLayer.CompanyServiceTest" time="0.006">
    <system-err><![CDATA[May 13, 2026 1:36:28 PM org.example.ApplicationLayer.CompanyService removeCompanyMemberAsAdmin
INFO: caller= , action=removeCompanyMemberAsAdmin, target=RolesDomainService.removeCompanyMemberAsAdmin, params={adminUsername= , usernameToRemove=member}
May 13, 2026 1:36:28 PM org.example.ApplicationLayer.CompanyService removeCompanyMemberAsAdmin
SEVERE: action=removeCompanyMemberAsAdmin failed, caller= , target=RolesDomainService.removeCompanyMemberAsAdmin, params={adminUsername= , usernameToRemove=member}, error=Admin username is required
]]></system-err>
  </testcase>
  <testcase name="testGenerateEmptySalesReport_ProducesZeroTotals_NoCrash" classname="org.example.ApplicationLayer.CompanyServiceTest" time="0.003"/>
  <testcase name="removeCompanyMemberAsAdmin_whenTwoAdminsRemoveSameUserConcurrently_onlyOneRemovalIsSaved" classname="org.example.ApplicationLayer.CompanyServiceTest" time="0.067">
    <system-err><![CDATA[May 13, 2026 1:36:28 PM org.example.ApplicationLayer.CompanyService removeCompanyMemberAsAdmin
INFO: caller=admin, action=removeCompanyMemberAsAdmin, target=RolesDomainService.removeCompanyMemberAsAdmin, params={adminUsername=admin, usernameToRemove=member}
May 13, 2026 1:36:28 PM org.example.ApplicationLayer.CompanyService removeCompanyMemberAsAdmin
INFO: caller=admin, action=removeCompanyMemberAsAdmin, target=RolesDomainService.removeCompanyMemberAsAdmin, params={adminUsername=admin, usernameToRemove=member}
May 13, 2026 1:36:28 PM org.example.ApplicationLayer.CompanyService removeCompanyMemberAsAdmin
INFO: action=removeCompanyMemberAsAdmin completed successfully, params={adminUsername=admin, usernameToRemove=member}
May 13, 2026 1:36:28 PM org.example.ApplicationLayer.CompanyService removeCompanyMemberAsAdmin
SEVERE: action=removeCompanyMemberAsAdmin failed, caller=admin, target=RolesDomainService.removeCompanyMemberAsAdmin, params={adminUsername=admin, usernameToRemove=member}, error=User is not assigned to any company
]]></system-err>
  </testcase>
</testsuite>