<?xml version="1.0" encoding="UTF-8"?>
<testsuite xmlns:xsi="http://www.w3.org/2001/XMLSchema-instance" xsi:noNamespaceSchemaLocation="https://maven.apache.org/surefire/maven-surefire-plugin/xsd/surefire-test-report-3.0.xsd" version="3.0" name="org.example.ApplicationLayer.PurchaseServiceLotteryTest" time="0.21" tests="18" errors="0" skipped="0" failures="0">
  <properties>
[...]
</properties>
  <testcase name="GivenValidMemberAndTicketAmount_WhenRegisterMember_ThenMemberIsRegisteredAndAmountSaved" classname="org.example.ApplicationLayer.PurchaseServiceLotteryTest" time="0.111"/>
  <testcase name="GivenRegisteredMembers_WhenGetAllRequestedTicketAmounts_ThenReturnCorrectAmounts" classname="org.example.ApplicationLayer.PurchaseServiceLotteryTest" time="0.0"/>
  <testcase name="GivenNoAvailableTickets_WhenDrawWinners_ThenThrowDomainException" classname="org.example.ApplicationLayer.PurchaseServiceLotteryTest" time="0.0"/>
  <testcase name="GivenWinnerWithExpiredAccessCode_WhenValidateAccessCode_ThenCannotBuyTicket" classname="org.example.ApplicationLayer.PurchaseServiceLotteryTest" time="0.001"/>
  <testcase name="GivenDuplicateMember_WhenRegisterMemberTwice_ThenThrowDomainException" classname="org.example.ApplicationLayer.PurchaseServiceLotteryTest" time="0.001"/>
  <testcase name="GivenClosedRegistration_WhenRegisterMember_ThenThrowDomainException" classname="org.example.ApplicationLayer.PurchaseServiceLotteryTest" time="0.001"/>
  <testcase name="GivenWinnerWithValidAccessCode_WhenValidateAccessCode_ThenCanBuyTicket" classname="org.example.ApplicationLayer.PurchaseServiceLotteryTest" time="0.002"/>
  <testcase name="GivenLotteryAlreadyDrawn_WhenDrawWinnersAgain_ThenThrowDomainException" classname="org.example.ApplicationLayer.PurchaseServiceLotteryTest" time="0.001"/>
  <testcase name="GivenEnoughTickets_WhenDrawWinners_ThenWinnersAreSelectedAndAccessCodesGenerated" classname="org.example.ApplicationLayer.PurchaseServiceLotteryTest" time="0.001"/>
  <testcase name="GivenUnregisteredMember_WhenGetRequestedTicketAmount_ThenThrowDomainException" classname="org.example.ApplicationLayer.PurchaseServiceLotteryTest" time="0.001"/>
  <testcase name="GivenBlankMemberId_WhenRegisterMember_ThenThrowDomainException" classname="org.example.ApplicationLayer.PurchaseServiceLotteryTest" time="0.002"/>
  <testcase name="GivenInvalidTicketAmount_WhenRegisterMember_ThenThrowDomainException" classname="org.example.ApplicationLayer.PurchaseServiceLotteryTest" time="0.001"/>
  <testcase name="GivenWrongAccessCode_WhenValidateAccessCode_ThenCannotBuyTicket" classname="org.example.ApplicationLayer.PurchaseServiceLotteryTest" time="0.0"/>
  <testcase name="GivenNonWinner_WhenValidateAccessCode_ThenCannotBuyTicket" classname="org.example.ApplicationLayer.PurchaseServiceLotteryTest" time="0.001"/>
  <testcase name="GivenUnregisteredMember_WhenAddWinner_ThenThrowDomainException" classname="org.example.ApplicationLayer.PurchaseServiceLotteryTest" time="0.0"/>
  <testcase name="GivenLimitedTickets_WhenDrawWinners_ThenTotalWinningRequestedTicketsDoesNotExceedAvailableTickets" classname="org.example.ApplicationLayer.PurchaseServiceLotteryTest" time="0.002"/>
  <testcase name="GivenNoRegisteredMembers_WhenDrawWinners_ThenThrowDomainException" classname="org.example.ApplicationLayer.PurchaseServiceLotteryTest" time="0.0"/>
  <testcase name="GivenNullCodeExpiry_WhenDrawWinners_ThenThrowDomainException" classname="org.example.ApplicationLayer.PurchaseServiceLotteryTest" time="0.001"/>
</testsuite>