<?xml version="1.0" encoding="UTF-8"?>
<testsuite xmlns:xsi="http://www.w3.org/2001/XMLSchema-instance" xsi:noNamespaceSchemaLocation="https://maven.apache.org/surefire/maven-surefire-plugin/xsd/surefire-test-report-3.0.xsd" version="3.0" name="org.example.ApplicationLayer.EventServiceTest" time="0.178" tests="111" errors="0" skipped="0" failures="0">
  <properties>
[...]
</properties>
  <testcase name="GivenValidParameters_WhenAddConditionalDiscount_ThenDiscountRuleIsAddedToEvent" classname="org.example.ApplicationLayer.EventServiceTest" time="0.0"/>
  <testcase name="GivenAllNullFieldsExceptId_WhenEditEvent_ThenEventIsUnchangedAndReturnsTrue" classname="org.example.ApplicationLayer.EventServiceTest" time="0.001">
    <system-err><![CDATA[May 13, 2026 1:36:28 PM org.example.ApplicationLayer.EventService editEvent
INFO: Event edited: 2808f572-0784-4f1d-a3fc-959b7eaa5a92
]]></system-err>
  </testcase>
  <testcase name="GivenEventDoesNotExist_WhenAddCouponCode_ThenDomainThrowsIllegalArgumentException" classname="org.example.ApplicationLayer.EventServiceTest" time="0.0"/>
  <testcase name="eventRate_success" classname="org.example.ApplicationLayer.EventServiceTest" time="0.0"/>
  <testcase name="GivenMinCompanyRatingOutOfRange_WhenSearchEvents_ThenThrowsIllegalArgumentException" classname="org.example.ApplicationLayer.EventServiceTest" time="0.0"/>
  <testcase name="GivenNullCompanyId_WhenAddEvent_ThenThrowsIllegalArgumentException" classname="org.example.ApplicationLayer.EventServiceTest" time="0.0"/>
  <testcase name="GivenMinCompanyRating_WhenSearchEvents_ThenEventsFromLowRatedCompaniesAreExcluded" classname="org.example.ApplicationLayer.EventServiceTest" time="0.002">
    <system-err><![CDATA[May 13, 2026 1:36:28 PM org.example.ApplicationLayer.EventService searchEvents
INFO: searchEvents requested with criteria: EventSearchCriteria[text=Optional.empty, location=Optional.empty, priceMin=Optional.empty, priceMax=Optional.empty, dateFrom=Optional.empty, dateTo=Optional.empty, minEventRating=Optional.empty, minCompanyRating=Optional[4.0], companyId=Optional.empty]
]]></system-err>
  </testcase>
  <testcase name="GivenZeroCount_WhenAddStandingTickets_ThenThrowsIllegalArgumentException" classname="org.example.ApplicationLayer.EventServiceTest" time="0.0"/>
  <testcase name="GivenValidParameters_WhenAddCouponCode_ThenCouponRuleIsAddedToEvent" classname="org.example.ApplicationLayer.EventServiceTest" time="0.0"/>
  <testcase name="testDeleteSpecificPolicyRules" classname="org.example.ApplicationLayer.EventServiceTest" time="0.0"/>
  <testcase name="testAddPolicyRule_ActuallyPersistsInEvent" classname="org.example.ApplicationLayer.EventServiceTest" time="0.0"/>
  <testcase name="GivenNegativeMinTicket_WhenAddPolicyRule_ThenThrowsIllegalArgumentExceptionAtServiceLayer" classname="org.example.ApplicationLayer.EventServiceTest" time="0.0"/>
  <testcase name="GivenMinEventRatingOutOfRange_WhenSearchEvents_ThenThrowsIllegalArgumentException" classname="org.example.ApplicationLayer.EventServiceTest" time="0.0"/>
  <testcase name="GivenAllFourFlagsTrueAndAllRulesPresent_WhenDeletePolicyRule_ThenAllRulesAreRemoved" classname="org.example.ApplicationLayer.EventServiceTest" time="0.0"/>
  <testcase name="GivenEventDoesNotExist_WhenGetEventPurchaseHistoryForOwner_ThenThrowsDomainException" classname="org.example.ApplicationLayer.EventServiceTest" time="0.0"/>
  <testcase name="GivenEventDoesNotExist_WhenAddPolicyRule_ThenDomainThrowsIllegalArgumentException" classname="org.example.ApplicationLayer.EventServiceTest" time="0.0"/>
  <testcase name="GivenUnknownEventId_WhenGetEventDetails_ThenThrowsDomainException" classname="org.example.ApplicationLayer.EventServiceTest" time="0.002">
    <system-err><![CDATA[May 13, 2026 1:36:28 PM org.example.ApplicationLayer.EventService getEventDetails
INFO: getEventDetails requested for event c98b0da0-d06b-4d08-a1af-232449f2cc82
May 13, 2026 1:36:28 PM org.example.ApplicationLayer.EventService getEventDetails
SEVERE: getEventDetails failed for event c98b0da0-d06b-4d08-a1af-232449f2cc82: Event not found
]]></system-err>
  </testcase>
  <testcase name="GivenLocationCriteria_WhenSearchEvents_ThenReturnsEventsWhoseLocationContainsItCaseInsensitive" classname="org.example.ApplicationLayer.EventServiceTest" time="0.0">
    <system-err><![CDATA[May 13, 2026 1:36:28 PM org.example.ApplicationLayer.EventService searchEvents
INFO: searchEvents requested with criteria: EventSearchCriteria[text=Optional.empty, location=Optional[tel aviv], priceMin=Optional.empty, priceMax=Optional.empty, dateFrom=Optional.empty, dateTo=Optional.empty, minEventRating=Optional.empty, minCompanyRating=Optional.empty, companyId=Optional.empty]
]]></system-err>
  </testcase>
  <testcase name="GivenOneActiveCompanyWithVisibleEvents_WhenBrowseCatalog_ThenCompanyAndEventsAreReturned" classname="org.example.ApplicationLayer.EventServiceTest" time="0.001">
    <system-err><![CDATA[May 13, 2026 1:36:28 PM org.example.ApplicationLayer.EventService browseCatalog
INFO: browseCatalog requested
]]></system-err>
  </testcase>
  <testcase name="GivenDiscountAboveHundred_WhenAddConditionalDiscount_ThenThrowsIllegalArgumentExceptionAtServiceLayer" classname="org.example.ApplicationLayer.EventServiceTest" time="0.0"/>
  <testcase name="GivenEmptyOwnerUsername_WhenGetEventPurchaseHistoryForOwner_ThenThrowsIllegalArgumentException" classname="org.example.ApplicationLayer.EventServiceTest" time="0.0"/>
  <testcase name="GivenDiscountAboveHundred_WhenAddCouponCode_ThenThrowsIllegalArgumentExceptionAtServiceLayer" classname="org.example.ApplicationLayer.EventServiceTest" time="0.0"/>
  <testcase name="GivenExistingEventAndAllFields_WhenEditEvent_ThenFieldsAreUpdatedAndReturnsTrue" classname="org.example.ApplicationLayer.EventServiceTest" time="0.002">
    <system-err><![CDATA[May 13, 2026 1:36:28 PM org.example.ApplicationLayer.EventService editEvent
INFO: Event edited: 5b90ab50-b54a-461e-8830-8d5c80a3d4f5
]]></system-err>
  </testcase>
  <testcase name="GivenToDateInPast_WhenAddConditionalDiscount_ThenThrowsIllegalArgumentExceptionAtServiceLayer" classname="org.example.ApplicationLayer.EventServiceTest" time="0.0"/>
  <testcase name="GivenStandingAreaAndPositiveCount_WhenAddStandingTickets_ThenTicketsAreAddedToEvent" classname="org.example.ApplicationLayer.EventServiceTest" time="0.002">
    <system-err><![CDATA[May 13, 2026 1:36:29 PM org.example.ApplicationLayer.EventService addStandingTickets
INFO: Added 10 standing tickets to area 2cb248fe-6e2b-4b82-8b92-d2af994dbe22 of event 293c2141-c9a4-4972-91c9-84d7c24a033d
]]></system-err>
  </testcase>
  <testcase name="GivenNegativeAppliedTickets_WhenAddConditionalDiscount_ThenThrowsIllegalArgumentExceptionAtServiceLayer" classname="org.example.ApplicationLayer.EventServiceTest" time="0.0"/>
  <testcase name="GivenAllOptionalsEmpty_WhenAddPolicyRule_ThenNoRuleIsAddedToTheEventPolicy" classname="org.example.ApplicationLayer.EventServiceTest" time="0.0"/>
  <testcase name="GivenPriceMinGreaterThanPriceMax_WhenSearchEvents_ThenThrowsIllegalArgumentException" classname="org.example.ApplicationLayer.EventServiceTest" time="0.0"/>
  <testcase name="GivenCompanyHasMixedStatusEvents_WhenBrowseCatalog_ThenOnlyActiveEventsAreIncluded" classname="org.example.ApplicationLayer.EventServiceTest" time="0.001">
    <system-err><![CDATA[May 13, 2026 1:36:29 PM org.example.ApplicationLayer.EventService browseCatalog
INFO: browseCatalog requested
]]></system-err>
  </testcase>
  <testcase name="GivenDateFromAfterDateTo_WhenSearchEvents_ThenThrowsIllegalArgumentException" classname="org.example.ApplicationLayer.EventServiceTest" time="0.0"/>
  <testcase name="testAddMultiplePolicyRules_ReplacementLogic" classname="org.example.ApplicationLayer.EventServiceTest" time="0.0"/>
  <testcase name="GivenEventAlreadyExists_WhenAddEvent_ThenThrowsDomainException" classname="org.example.ApplicationLayer.EventServiceTest" time="0.001">
    <system-err><![CDATA[May 13, 2026 1:36:29 PM org.example.ApplicationLayer.EventService addEvent
SEVERE: Error adding event 75ea83c5-9e84-488f-bd72-f4176c12b2e9: Event already exists: 75ea83c5-9e84-488f-bd72-f4176c12b2e9
]]></system-err>
  </testcase>
  <testcase name="GivenNoEventMatchesCriteria_WhenSearchEvents_ThenReturnsEmptyListAndDoesNotThrow" classname="org.example.ApplicationLayer.EventServiceTest" time="0.001">
    <system-err><![CDATA[May 13, 2026 1:36:29 PM org.example.ApplicationLayer.EventService searchEvents
INFO: searchEvents requested with criteria: EventSearchCriteria[text=Optional[nonexistent-keyword], location=Optional.empty, priceMin=Optional.empty, priceMax=Optional.empty, dateFrom=Optional.empty, dateTo=Optional.empty, minEventRating=Optional.empty, minCompanyRating=Optional.empty, companyId=Optional.empty]
May 13, 2026 1:36:29 PM org.example.ApplicationLayer.EventService searchEvents
INFO: searchEvents returned no matches
]]></system-err>
  </testcase>
  <testcase name="testAddOvertDiscount_VerifyStatePersistence" classname="org.example.ApplicationLayer.EventServiceTest" time="0.0"/>
  <testcase name="GivenManyConcurrentDiscountRegistrations_WhenAddOvertDiscount_ThenEveryRequestReachesTheRepository" classname="org.example.ApplicationLayer.EventServiceTest" time="0.0"/>
  <testcase name="GivenNullEventId_WhenDeleteEvent_ThenThrowsIllegalArgumentException" classname="org.example.ApplicationLayer.EventServiceTest" time="0.0"/>
  <testcase name="GivenUnknownCompanyId_WhenSearchEventsByCompany_ThenReturnsEmptyListWithoutThrowing" classname="org.example.ApplicationLayer.EventServiceTest" time="0.002">
    <system-err><![CDATA[May 13, 2026 1:36:29 PM org.example.ApplicationLayer.EventService searchEventsByCompany
INFO: searchEventsByCompany requested for company 8fce52f7-9744-4bee-9a95-2fcb1f5bd811 with criteria: EventSearchCriteria[text=Optional.empty, location=Optional.empty, priceMin=Optional.empty, priceMax=Optional.empty, dateFrom=Optional.empty, dateTo=Optional.empty, minEventRating=Optional.empty, minCompanyRating=Optional.empty, companyId=Optional[8fce52f7-9744-4bee-9a95-2fcb1f5bd811]]
May 13, 2026 1:36:29 PM org.example.ApplicationLayer.EventService searchEventsByCompany
INFO: searchEventsByCompany returned no matches for company 8fce52f7-9744-4bee-9a95-2fcb1f5bd811
]]></system-err>
  </testcase>
  <testcase name="GivenTwoCompaniesEachWithEvents_WhenSearchEventsByCompany_ThenOnlyTargetCompanysEventsReturned" classname="org.example.ApplicationLayer.EventServiceTest" time="0.001">
    <system-err><![CDATA[May 13, 2026 1:36:29 PM org.example.ApplicationLayer.EventService searchEventsByCompany
INFO: searchEventsByCompany requested for company 91650673-7475-4d5a-847a-6f027027c7fa with criteria: EventSearchCriteria[text=Optional.empty, location=Optional.empty, priceMin=Optional.empty, priceMax=Optional.empty, dateFrom=Optional.empty, dateTo=Optional.empty, minEventRating=Optional.empty, minCompanyRating=Optional.empty, companyId=Optional[91650673-7475-4d5a-847a-6f027027c7fa]]
]]></system-err>
  </testcase>
  <testcase name="GivenNullEventId_WhenEditEvent_ThenThrowsIllegalArgumentException" classname="org.example.ApplicationLayer.EventServiceTest" time="0.0"/>
  <testcase name="GivenExistingDiscountId_WhenRemoveDiscount_ThenDiscountIsRemovedFromEvent" classname="org.example.ApplicationLayer.EventServiceTest" time="0.0"/>
  <testcase name="GivenNullOwnerUsername_WhenGetEventPurchaseHistoryForOwner_ThenThrowsIllegalArgumentException" classname="org.example.ApplicationLayer.EventServiceTest" time="0.0"/>
  <testcase name="GivenZeroRequiredAndAppliedTickets_WhenAddConditionalDiscount_ThenDiscountRuleIsAdded" classname="org.example.ApplicationLayer.EventServiceTest" time="0.0"/>
  <testcase name="GivenValidArgs_WhenAddEvent_ThenEventIsSavedToRepository" classname="org.example.ApplicationLayer.EventServiceTest" time="0.001">
    <system-err><![CDATA[May 13, 2026 1:36:29 PM org.example.ApplicationLayer.EventService addEvent
INFO: Event added: 599cdae8-e4c0-4323-ad49-9109c9d4631b
]]></system-err>
  </testcase>
  <testcase name="GivenMinEventRating_WhenSearchEvents_ThenLowRatedEventsAreExcluded" classname="org.example.ApplicationLayer.EventServiceTest" time="0.001">
    <system-err><![CDATA[May 13, 2026 1:36:29 PM org.example.ApplicationLayer.EventService searchEvents
INFO: searchEvents requested with criteria: EventSearchCriteria[text=Optional.empty, location=Optional.empty, priceMin=Optional.empty, priceMax=Optional.empty, dateFrom=Optional.empty, dateTo=Optional.empty, minEventRating=Optional[4.0], minCompanyRating=Optional.empty, companyId=Optional.empty]
]]></system-err>
  </testcase>
  <testcase name="GivenAgeIsZero_WhenAddPolicyRule_ThenServiceAcceptsItAndDelegates" classname="org.example.ApplicationLayer.EventServiceTest" time="0.0"/>
  <testcase name="GivenPriceRange_WhenSearchEvents_ThenReturnsEventsWithAtLeastOneAreaInRange" classname="org.example.ApplicationLayer.EventServiceTest" time="0.001">
    <system-err><![CDATA[May 13, 2026 1:36:29 PM org.example.ApplicationLayer.EventService searchEvents
INFO: searchEvents requested with criteria: EventSearchCriteria[text=Optional.empty, location=Optional.empty, priceMin=Optional[100.0], priceMax=Optional[800.0], dateFrom=Optional.empty, dateTo=Optional.empty, minEventRating=Optional.empty, minCompanyRating=Optional.empty, companyId=Optional.empty]
]]></system-err>
  </testcase>
  <testcase name="GivenMaxTicketIsZero_WhenAddPolicyRule_ThenServiceAcceptsItAndDelegates" classname="org.example.ApplicationLayer.EventServiceTest" time="0.0"/>
  <testcase name="GivenNullEventId_WhenGetEventDetails_ThenThrowsIllegalArgumentException" classname="org.example.ApplicationLayer.EventServiceTest" time="0.0"/>
  <testcase name="GivenToDateInPast_WhenAddCouponCode_ThenThrowsIllegalArgumentExceptionAtServiceLayer" classname="org.example.ApplicationLayer.EventServiceTest" time="0.0"/>
  <testcase name="GivenCriteriaWithText_WhenSearchEventsByCompany_ThenScopedAndTextFilterBothApply" classname="org.example.ApplicationLayer.EventServiceTest" time="0.001">
    <system-err><![CDATA[May 13, 2026 1:36:29 PM org.example.ApplicationLayer.EventService searchEventsByCompany
INFO: searchEventsByCompany requested for company f464522a-c79c-49b3-ba9a-3751454d05be with criteria: EventSearchCriteria[text=Optional[coldplay], location=Optional.empty, priceMin=Optional.empty, priceMax=Optional.empty, dateFrom=Optional.empty, dateTo=Optional.empty, minEventRating=Optional.empty, minCompanyRating=Optional.empty, companyId=Optional[f464522a-c79c-49b3-ba9a-3751454d05be]]
]]></system-err>
  </testcase>
  <testcase name="GivenNegativeRequiredTickets_WhenAddConditionalDiscount_ThenThrowsIllegalArgumentExceptionAtServiceLayer" classname="org.example.ApplicationLayer.EventServiceTest" time="0.0"/>
  <testcase name="GivenNullEventId_WhenAddStandingTickets_ThenThrowsIllegalArgumentException" classname="org.example.ApplicationLayer.EventServiceTest" time="0.0"/>
  <testcase name="GivenEventDoesNotExist_WhenEditEvent_ThenThrowsDomainException" classname="org.example.ApplicationLayer.EventServiceTest" time="0.001">
    <system-err><![CDATA[May 13, 2026 1:36:29 PM org.example.ApplicationLayer.EventService editEvent
SEVERE: Error editing event 66429080-cdc7-4ad4-aac8-318050d5844f: Event not found
]]></system-err>
  </testcase>
  <testcase name="GivenNegativeMaxTicket_WhenAddPolicyRule_ThenThrowsIllegalArgumentExceptionAtServiceLayer" classname="org.example.ApplicationLayer.EventServiceTest" time="0.0"/>
  <testcase name="GivenAllEventsBelongToActiveCompanies_WhenSearchEventsWithEmptyCriteria_ThenAllVisibleEventsReturned" classname="org.example.ApplicationLayer.EventServiceTest" time="0.002">
    <system-err><![CDATA[May 13, 2026 1:36:29 PM org.example.ApplicationLayer.EventService searchEvents
INFO: searchEvents requested with criteria: EventSearchCriteria[text=Optional.empty, location=Optional.empty, priceMin=Optional.empty, priceMax=Optional.empty, dateFrom=Optional.empty, dateTo=Optional.empty, minEventRating=Optional.empty, minCompanyRating=Optional.empty, companyId=Optional.empty]
]]></system-err>
  </testcase>
  <testcase name="GivenEventDoesNotExist_WhenRateEvent_ThenDomainExceptionPropagates" classname="org.example.ApplicationLayer.EventServiceTest" time="0.0"/>
  <testcase name="GivenNonActiveEvent_WhenMatches_ThenReturnsFalseRegardlessOfCriteria" classname="org.example.ApplicationLayer.EventServiceTest" time="0.0"/>
  <testcase name="GivenValidDatesAndDiscount_WhenAddOvertDiscount_ThenDiscountRuleIsAddedToEvent" classname="org.example.ApplicationLayer.EventServiceTest" time="0.0"/>
  <testcase name="GivenNullEventId_WhenAddEvent_ThenThrowsIllegalArgumentException" classname="org.example.ApplicationLayer.EventServiceTest" time="0.0"/>
  <testcase name="GivenEventDoesNotExist_WhenAddConditionalDiscount_ThenDomainThrowsIllegalArgumentException" classname="org.example.ApplicationLayer.EventServiceTest" time="0.0"/>
  <testcase name="GivenNullCriteria_WhenSearchEvents_ThenTreatedAsEmptyCriteria" classname="org.example.ApplicationLayer.EventServiceTest" time="0.001">
    <system-err><![CDATA[May 13, 2026 1:36:29 PM org.example.ApplicationLayer.EventService searchEvents
INFO: searchEvents requested with criteria: EventSearchCriteria[text=Optional.empty, location=Optional.empty, priceMin=Optional.empty, priceMax=Optional.empty, dateFrom=Optional.empty, dateTo=Optional.empty, minEventRating=Optional.empty, minCompanyRating=Optional.empty, companyId=Optional.empty]
]]></system-err>
  </testcase>
  <testcase name="GivenEventsBelongToInactiveCompany_WhenSearchEvents_ThenThoseEventsAreExcluded" classname="org.example.ApplicationLayer.EventServiceTest" time="0.0">
    <system-err><![CDATA[May 13, 2026 1:36:29 PM org.example.ApplicationLayer.EventService searchEvents
INFO: searchEvents requested with criteria: EventSearchCriteria[text=Optional.empty, location=Optional.empty, priceMin=Optional.empty, priceMax=Optional.empty, dateFrom=Optional.empty, dateTo=Optional.empty, minEventRating=Optional.empty, minCompanyRating=Optional.empty, companyId=Optional.empty]
]]></system-err>
  </testcase>
  <testcase name="GivenUserIsNotOwnerOfEventCompany_WhenGetEventPurchaseHistoryForOwner_ThenThrowsDomainException" classname="org.example.ApplicationLayer.EventServiceTest" time="0.0"/>
  <testcase name="GivenWritersAddingEventsAndReadersSearching_WhenRunConcurrently_ThenNoExceptionsAndFinalCountMatchesTotalWrites" classname="org.example.ApplicationLayer.EventServiceTest" time="0.006">
    <system-err><![CDATA[May 13, 2026 1:36:29 PM org.example.ApplicationLayer.EventService searchEvents
INFO: searchEvents requested with criteria: EventSearchCriteria[text=Optional.empty, location=Optional.empty, priceMin=Optional.empty, priceMax=Optional.empty, dateFrom=Optional.empty, dateTo=Optional.empty, minEventRating=Optional.empty, minCompanyRating=Optional.empty, companyId=Optional.empty]
May 13, 2026 1:36:29 PM org.example.ApplicationLayer.EventService searchEvents
INFO: searchEvents requested with criteria: EventSearchCriteria[text=Optional.empty, location=Optional.empty, priceMin=Optional.empty, priceMax=Optional.empty, dateFrom=Optional.empty, dateTo=Optional.empty, minEventRating=Optional.empty, minCompanyRating=Optional.empty, companyId=Optional.empty]
May 13, 2026 1:36:29 PM org.example.ApplicationLayer.EventService searchEvents
INFO: searchEvents requested with criteria: EventSearchCriteria[text=Optional.empty, location=Optional.empty, priceMin=Optional.empty, priceMax=Optional.empty, dateFrom=Optional.empty, dateTo=Optional.empty, minEventRating=Optional.empty, minCompanyRating=Optional.empty, companyId=Optional.empty]
May 13, 2026 1:36:29 PM org.example.ApplicationLayer.EventService searchEvents
INFO: searchEvents requested with criteria: EventSearchCriteria[text=Optional.empty, location=Optional.empty, priceMin=Optional.empty, priceMax=Optional.empty, dateFrom=Optional.empty, dateTo=Optional.empty, minEventRating=Optional.empty, minCompanyRating=Optional.empty, companyId=Optional.empty]
May 13, 2026 1:36:29 PM org.example.ApplicationLayer.EventService searchEvents
INFO: searchEvents requested with criteria: EventSearchCriteria[text=Optional.empty, location=Optional.empty, priceMin=Optional.empty, priceMax=Optional.empty, dateFrom=Optional.empty, dateTo=Optional.empty, minEventRating=Optional.empty, minCompanyRating=Optional.empty, companyId=Optional.empty]
May 13, 2026 1:36:29 PM org.example.ApplicationLayer.EventService searchEvents
INFO: searchEvents requested with criteria: EventSearchCriteria[text=Optional.empty, location=Optional.empty, priceMin=Optional.empty, priceMax=Optional.empty, dateFrom=Optional.empty, dateTo=Optional.empty, minEventRating=Optional.empty, minCompanyRating=Optional.empty, companyId=Optional.empty]
May 13, 2026 1:36:29 PM org.example.ApplicationLayer.EventService searchEvents
INFO: searchEvents requested with criteria: EventSearchCriteria[text=Optional.empty, location=Optional.empty, priceMin=Optional.empty, priceMax=Optional.empty, dateFrom=Optional.empty, dateTo=Optional.empty, minEventRating=Optional.empty, minCompanyRating=Optional.empty, companyId=Optional.empty]
May 13, 2026 1:36:29 PM org.example.ApplicationLayer.EventService searchEvents
INFO: searchEvents requested with criteria: EventSearchCriteria[text=Optional.empty, location=Optional.empty, priceMin=Optional.empty, priceMax=Optional.empty, dateFrom=Optional.empty, dateTo=Optional.empty, minEventRating=Optional.empty, minCompanyRating=Optional.empty, companyId=Optional.empty]
May 13, 2026 1:36:29 PM org.example.ApplicationLayer.EventService searchEvents
INFO: searchEvents requested with criteria: EventSearchCriteria[text=Optional.empty, location=Optional.empty, priceMin=Optional.empty, priceMax=Optional.empty, dateFrom=Optional.empty, dateTo=Optional.empty, minEventRating=Optional.empty, minCompanyRating=Optional.empty, companyId=Optional.empty]
May 13, 2026 1:36:29 PM org.example.ApplicationLayer.EventService searchEvents
INFO: searchEvents requested with criteria: EventSearchCriteria[text=Optional.empty, location=Optional.empty, priceMin=Optional.empty, priceMax=Optional.empty, dateFrom=Optional.empty, dateTo=Optional.empty, minEventRating=Optional.empty, minCompanyRating=Optional.empty, companyId=Optional.empty]
May 13, 2026 1:36:29 PM org.example.ApplicationLayer.EventService searchEvents
INFO: searchEvents requested with criteria: EventSearchCriteria[text=Optional.empty, location=Optional.empty, priceMin=Optional.empty, priceMax=Optional.empty, dateFrom=Optional.empty, dateTo=Optional.empty, minEventRating=Optional.empty, minCompanyRating=Optional.empty, companyId=Optional.empty]
May 13, 2026 1:36:29 PM org.example.ApplicationLayer.EventService searchEvents
INFO: searchEvents requested with criteria: EventSearchCriteria[text=Optional.empty, location=Optional.empty, priceMin=Optional.empty, priceMax=Optional.empty, dateFrom=Optional.empty, dateTo=Optional.empty, minEventRating=Optional.empty, minCompanyRating=Optional.empty, companyId=Optional.empty]
May 13, 2026 1:36:29 PM org.example.ApplicationLayer.EventService searchEvents
INFO: searchEvents requested with criteria: EventSearchCriteria[text=Optional.empty, location=Optional.empty, priceMin=Optional.empty, priceMax=Optional.empty, dateFrom=Optional.empty, dateTo=Optional.empty, minEventRating=Optional.empty, minCompanyRating=Optional.empty, companyId=Optional.empty]
May 13, 2026 1:36:29 PM org.example.ApplicationLayer.EventService searchEvents
INFO: searchEvents requested with criteria: EventSearchCriteria[text=Optional.empty, location=Optional.empty, priceMin=Optional.empty, priceMax=Optional.empty, dateFrom=Optional.empty, dateTo=Optional.empty, minEventRating=Optional.empty, minCompanyRating=Optional.empty, companyId=Optional.empty]
May 13, 2026 1:36:29 PM org.example.ApplicationLayer.EventService searchEvents
INFO: searchEvents requested with criteria: EventSearchCriteria[text=Optional.empty, location=Optional.empty, priceMin=Optional.empty, priceMax=Optional.empty, dateFrom=Optional.empty, dateTo=Optional.empty, minEventRating=Optional.empty, minCompanyRating=Optional.empty, companyId=Optional.empty]
May 13, 2026 1:36:29 PM org.example.ApplicationLayer.EventService searchEvents
INFO: searchEvents requested with criteria: EventSearchCriteria[text=Optional.empty, location=Optional.empty, priceMin=Optional.empty, priceMax=Optional.empty, dateFrom=Optional.empty, dateTo=Optional.empty, minEventRating=Optional.empty, minCompanyRating=Optional.empty, companyId=Optional.empty]
May 13, 2026 1:36:29 PM org.example.ApplicationLayer.EventService searchEvents
INFO: searchEvents requested with criteria: EventSearchCriteria[text=Optional.empty, location=Optional.empty, priceMin=Optional.empty, priceMax=Optional.empty, dateFrom=Optional.empty, dateTo=Optional.empty, minEventRating=Optional.empty, minCompanyRating=Optional.empty, companyId=Optional.empty]
May 13, 2026 1:36:29 PM org.example.ApplicationLayer.EventService searchEvents
INFO: searchEvents requested with criteria: EventSearchCriteria[text=Optional.empty, location=Optional.empty, priceMin=Optional.empty, priceMax=Optional.empty, dateFrom=Optional.empty, dateTo=Optional.empty, minEventRating=Optional.empty, minCompanyRating=Optional.empty, companyId=Optional.empty]
May 13, 2026 1:36:29 PM org.example.ApplicationLayer.EventService searchEvents
INFO: searchEvents requested with criteria: EventSearchCriteria[text=Optional.empty, location=Optional.empty, priceMin=Optional.empty, priceMax=Optional.empty, dateFrom=Optional.empty, dateTo=Optional.empty, minEventRating=Optional.empty, minCompanyRating=Optional.empty, companyId=Optional.empty]
May 13, 2026 1:36:29 PM org.example.ApplicationLayer.EventService searchEvents
INFO: searchEvents requested with criteria: EventSearchCriteria[text=Optional.empty, location=Optional.empty, priceMin=Optional.empty, priceMax=Optional.empty, dateFrom=Optional.empty, dateTo=Optional.empty, minEventRating=Optional.empty, minCompanyRating=Optional.empty, companyId=Optional.empty]
May 13, 2026 1:36:29 PM org.example.ApplicationLayer.EventService searchEvents
INFO: searchEvents requested with criteria: EventSearchCriteria[text=Optional.empty, location=Optional.empty, priceMin=Optional.empty, priceMax=Optional.empty, dateFrom=Optional.empty, dateTo=Optional.empty, minEventRating=Optional.empty, minCompanyRating=Optional.empty, companyId=Optional.empty]
May 13, 2026 1:36:29 PM org.example.ApplicationLayer.EventService searchEvents
INFO: searchEvents requested with criteria: EventSearchCriteria[text=Optional.empty, location=Optional.empty, priceMin=Optional.empty, priceMax=Optional.empty, dateFrom=Optional.empty, dateTo=Optional.empty, minEventRating=Optional.empty, minCompanyRating=Optional.empty, companyId=Optional.empty]
May 13, 2026 1:36:29 PM org.example.ApplicationLayer.EventService searchEvents
INFO: searchEvents requested with criteria: EventSearchCriteria[text=Optional.empty, location=Optional.empty, priceMin=Optional.empty, priceMax=Optional.empty, dateFrom=Optional.empty, dateTo=Optional.empty, minEventRating=Optional.empty, minCompanyRating=Optional.empty, companyId=Optional.empty]
May 13, 2026 1:36:29 PM org.example.ApplicationLayer.EventService searchEvents
INFO: searchEvents requested with criteria: EventSearchCriteria[text=Optional.empty, location=Optional.empty, priceMin=Optional.empty, priceMax=Optional.empty, dateFrom=Optional.empty, dateTo=Optional.empty, minEventRating=Optional.empty, minCompanyRating=Optional.empty, companyId=Optional.empty]
May 13, 2026 1:36:29 PM org.example.ApplicationLayer.EventService searchEvents
INFO: searchEvents requested with criteria: EventSearchCriteria[text=Optional.empty, location=Optional.empty, priceMin=Optional.empty, priceMax=Optional.empty, dateFrom=Optional.empty, dateTo=Optional.empty, minEventRating=Optional.empty, minCompanyRating=Optional.empty, companyId=Optional.empty]
May 13, 2026 1:36:29 PM org.example.ApplicationLayer.EventService searchEvents
INFO: searchEvents requested with criteria: EventSearchCriteria[text=Optional.empty, location=Optional.empty, priceMin=Optional.empty, priceMax=Optional.empty, dateFrom=Optional.empty, dateTo=Optional.empty, minEventRating=Optional.empty, minCompanyRating=Optional.empty, companyId=Optional.empty]
May 13, 2026 1:36:29 PM org.example.ApplicationLayer.EventService searchEvents
INFO: searchEvents requested with criteria: EventSearchCriteria[text=Optional.empty, location=Optional.empty, priceMin=Optional.empty, priceMax=Optional.empty, dateFrom=Optional.empty, dateTo=Optional.empty, minEventRating=Optional.empty, minCompanyRating=Optional.empty, companyId=Optional.empty]
May 13, 2026 1:36:29 PM org.example.ApplicationLayer.EventService searchEvents
INFO: searchEvents requested with criteria: EventSearchCriteria[text=Optional.empty, location=Optional.empty, priceMin=Optional.empty, priceMax=Optional.empty, dateFrom=Optional.empty, dateTo=Optional.empty, minEventRating=Optional.empty, minCompanyRating=Optional.empty, companyId=Optional.empty]
May 13, 2026 1:36:29 PM org.example.ApplicationLayer.EventService searchEvents
INFO: searchEvents requested with criteria: EventSearchCriteria[text=Optional.empty, location=Optional.empty, priceMin=Optional.empty, priceMax=Optional.empty, dateFrom=Optional.empty, dateTo=Optional.empty, minEventRating=Optional.empty, minCompanyRating=Optional.empty, companyId=Optional.empty]
May 13, 2026 1:36:29 PM org.example.ApplicationLayer.EventService searchEvents
INFO: searchEvents requested with criteria: EventSearchCriteria[text=Optional.empty, location=Optional.empty, priceMin=Optional.empty, priceMax=Optional.empty, dateFrom=Optional.empty, dateTo=Optional.empty, minEventRating=Optional.empty, minCompanyRating=Optional.empty, companyId=Optional.empty]
May 13, 2026 1:36:29 PM org.example.ApplicationLayer.EventService searchEvents
INFO: searchEvents requested with criteria: EventSearchCriteria[text=Optional.empty, location=Optional.empty, priceMin=Optional.empty, priceMax=Optional.empty, dateFrom=Optional.empty, dateTo=Optional.empty, minEventRating=Optional.empty, minCompanyRating=Optional.empty, companyId=Optional.empty]
May 13, 2026 1:36:29 PM org.example.ApplicationLayer.EventService searchEvents
INFO: searchEvents requested with criteria: EventSearchCriteria[text=Optional.empty, location=Optional.empty, priceMin=Optional.empty, priceMax=Optional.empty, dateFrom=Optional.empty, dateTo=Optional.empty, minEventRating=Optional.empty, minCompanyRating=Optional.empty, companyId=Optional.empty]
May 13, 2026 1:36:29 PM org.example.ApplicationLayer.EventService searchEvents
INFO: searchEvents requested with criteria: EventSearchCriteria[text=Optional.empty, location=Optional.empty, priceMin=Optional.empty, priceMax=Optional.empty, dateFrom=Optional.empty, dateTo=Optional.empty, minEventRating=Optional.empty, minCompanyRating=Optional.empty, companyId=Optional.empty]
May 13, 2026 1:36:29 PM org.example.ApplicationLayer.EventService searchEvents
INFO: searchEvents requested with criteria: EventSearchCriteria[text=Optional.empty, location=Optional.empty, priceMin=Optional.empty, priceMax=Optional.empty, dateFrom=Optional.empty, dateTo=Optional.empty, minEventRating=Optional.empty, minCompanyRating=Optional.empty, companyId=Optional.empty]
May 13, 2026 1:36:29 PM org.example.ApplicationLayer.EventService searchEvents
INFO: searchEvents requested with criteria: EventSearchCriteria[text=Optional.empty, location=Optional.empty, priceMin=Optional.empty, priceMax=Optional.empty, dateFrom=Optional.empty, dateTo=Optional.empty, minEventRating=Optional.empty, minCompanyRating=Optional.empty, companyId=Optional.empty]
May 13, 2026 1:36:29 PM org.example.ApplicationLayer.EventService searchEvents
INFO: searchEvents requested with criteria: EventSearchCriteria[text=Optional.empty, location=Optional.empty, priceMin=Optional.empty, priceMax=Optional.empty, dateFrom=Optional.empty, dateTo=Optional.empty, minEventRating=Optional.empty, minCompanyRating=Optional.empty, companyId=Optional.empty]
May 13, 2026 1:36:29 PM org.example.ApplicationLayer.EventService searchEvents
INFO: searchEvents requested with criteria: EventSearchCriteria[text=Optional.empty, location=Optional.empty, priceMin=Optional.empty, priceMax=Optional.empty, dateFrom=Optional.empty, dateTo=Optional.empty, minEventRating=Optional.empty, minCompanyRating=Optional.empty, companyId=Optional.empty]
May 13, 2026 1:36:29 PM org.example.ApplicationLayer.EventService searchEvents
INFO: searchEvents requested with criteria: EventSearchCriteria[text=Optional.empty, location=Optional.empty, priceMin=Optional.empty, priceMax=Optional.empty, dateFrom=Optional.empty, dateTo=Optional.empty, minEventRating=Optional.empty, minCompanyRating=Optional.empty, companyId=Optional.empty]
May 13, 2026 1:36:29 PM org.example.ApplicationLayer.EventService searchEvents
INFO: searchEvents requested with criteria: EventSearchCriteria[text=Optional.empty, location=Optional.empty, priceMin=Optional.empty, priceMax=Optional.empty, dateFrom=Optional.empty, dateTo=Optional.empty, minEventRating=Optional.empty, minCompanyRating=Optional.empty, companyId=Optional.empty]
May 13, 2026 1:36:29 PM org.example.ApplicationLayer.EventService searchEvents
INFO: searchEvents requested with criteria: EventSearchCriteria[text=Optional.empty, location=Optional.empty, priceMin=Optional.empty, priceMax=Optional.empty, dateFrom=Optional.empty, dateTo=Optional.empty, minEventRating=Optional.empty, minCompanyRating=Optional.empty, companyId=Optional.empty]
May 13, 2026 1:36:29 PM org.example.ApplicationLayer.EventService searchEvents
INFO: searchEvents requested with criteria: EventSearchCriteria[text=Optional.empty, location=Optional.empty, priceMin=Optional.empty, priceMax=Optional.empty, dateFrom=Optional.empty, dateTo=Optional.empty, minEventRating=Optional.empty, minCompanyRating=Optional.empty, companyId=Optional.empty]
May 13, 2026 1:36:29 PM org.example.ApplicationLayer.EventService searchEvents
INFO: searchEvents requested with criteria: EventSearchCriteria[text=Optional.empty, location=Optional.empty, priceMin=Optional.empty, priceMax=Optional.empty, dateFrom=Optional.empty, dateTo=Optional.empty, minEventRating=Optional.empty, minCompanyRating=Optional.empty, companyId=Optional.empty]
May 13, 2026 1:36:29 PM org.example.ApplicationLayer.EventService searchEvents
INFO: searchEvents requested with criteria: EventSearchCriteria[text=Optional.empty, location=Optional.empty, priceMin=Optional.empty, priceMax=Optional.empty, dateFrom=Optional.empty, dateTo=Optional.empty, minEventRating=Optional.empty, minCompanyRating=Optional.empty, companyId=Optional.empty]
May 13, 2026 1:36:29 PM org.example.ApplicationLayer.EventService searchEvents
INFO: searchEvents requested with criteria: EventSearchCriteria[text=Optional.empty, location=Optional.empty, priceMin=Optional.empty, priceMax=Optional.empty, dateFrom=Optional.empty, dateTo=Optional.empty, minEventRating=Optional.empty, minCompanyRating=Optional.empty, companyId=Optional.empty]
May 13, 2026 1:36:29 PM org.example.ApplicationLayer.EventService searchEvents
INFO: searchEvents requested with criteria: EventSearchCriteria[text=Optional.empty, location=Optional.empty, priceMin=Optional.empty, priceMax=Optional.empty, dateFrom=Optional.empty, dateTo=Optional.empty, minEventRating=Optional.empty, minCompanyRating=Optional.empty, companyId=Optional.empty]
May 13, 2026 1:36:29 PM org.example.ApplicationLayer.EventService searchEvents
INFO: searchEvents requested with criteria: EventSearchCriteria[text=Optional.empty, location=Optional.empty, priceMin=Optional.empty, priceMax=Optional.empty, dateFrom=Optional.empty, dateTo=Optional.empty, minEventRating=Optional.empty, minCompanyRating=Optional.empty, companyId=Optional.empty]
May 13, 2026 1:36:29 PM org.example.ApplicationLayer.EventService searchEvents
INFO: searchEvents requested with criteria: EventSearchCriteria[text=Optional.empty, location=Optional.empty, priceMin=Optional.empty, priceMax=Optional.empty, dateFrom=Optional.empty, dateTo=Optional.empty, minEventRating=Optional.empty, minCompanyRating=Optional.empty, companyId=Optional.empty]
May 13, 2026 1:36:29 PM org.example.ApplicationLayer.EventService searchEvents
INFO: searchEvents requested with criteria: EventSearchCriteria[text=Optional.empty, location=Optional.empty, priceMin=Optional.empty, priceMax=Optional.empty, dateFrom=Optional.empty, dateTo=Optional.empty, minEventRating=Optional.empty, minCompanyRating=Optional.empty, companyId=Optional.empty]
May 13, 2026 1:36:29 PM org.example.ApplicationLayer.EventService searchEvents
INFO: searchEvents requested with criteria: EventSearchCriteria[text=Optional.empty, location=Optional.empty, priceMin=Optional.empty, priceMax=Optional.empty, dateFrom=Optional.empty, dateTo=Optional.empty, minEventRating=Optional.empty, minCompanyRating=Optional.empty, companyId=Optional.empty]
May 13, 2026 1:36:29 PM org.example.ApplicationLayer.EventService searchEvents
INFO: searchEvents requested with criteria: EventSearchCriteria[text=Optional.empty, location=Optional.empty, priceMin=Optional.empty, priceMax=Optional.empty, dateFrom=Optional.empty, dateTo=Optional.empty, minEventRating=Optional.empty, minCompanyRating=Optional.empty, companyId=Optional.empty]
May 13, 2026 1:36:29 PM org.example.ApplicationLayer.EventService searchEvents
INFO: searchEvents requested with criteria: EventSearchCriteria[text=Optional.empty, location=Optional.empty, priceMin=Optional.empty, priceMax=Optional.empty, dateFrom=Optional.empty, dateTo=Optional.empty, minEventRating=Optional.empty, minCompanyRating=Optional.empty, companyId=Optional.empty]
May 13, 2026 1:36:29 PM org.example.ApplicationLayer.EventService searchEvents
INFO: searchEvents requested with criteria: EventSearchCriteria[text=Optional.empty, location=Optional.empty, priceMin=Optional.empty, priceMax=Optional.empty, dateFrom=Optional.empty, dateTo=Optional.empty, minEventRating=Optional.empty, minCompanyRating=Optional.empty, companyId=Optional.empty]
May 13, 2026 1:36:29 PM org.example.ApplicationLayer.EventService searchEvents
INFO: searchEvents requested with criteria: EventSearchCriteria[text=Optional.empty, location=Optional.empty, priceMin=Optional.empty, priceMax=Optional.empty, dateFrom=Optional.empty, dateTo=Optional.empty, minEventRating=Optional.empty, minCompanyRating=Optional.empty, companyId=Optional.empty]
May 13, 2026 1:36:29 PM org.example.ApplicationLayer.EventService searchEvents
INFO: searchEvents requested with criteria: EventSearchCriteria[text=Optional.empty, location=Optional.empty, priceMin=Optional.empty, priceMax=Optional.empty, dateFrom=Optional.empty, dateTo=Optional.empty, minEventRating=Optional.empty, minCompanyRating=Optional.empty, companyId=Optional.empty]
May 13, 2026 1:36:29 PM org.example.ApplicationLayer.EventService searchEvents
INFO: searchEvents requested with criteria: EventSearchCriteria[text=Optional.empty, location=Optional.empty, priceMin=Optional.empty, priceMax=Optional.empty, dateFrom=Optional.empty, dateTo=Optional.empty, minEventRating=Optional.empty, minCompanyRating=Optional.empty, companyId=Optional.empty]
May 13, 2026 1:36:29 PM org.example.ApplicationLayer.EventService searchEvents
INFO: searchEvents requested with criteria: EventSearchCriteria[text=Optional.empty, location=Optional.empty, priceMin=Optional.empty, priceMax=Optional.empty, dateFrom=Optional.empty, dateTo=Optional.empty, minEventRating=Optional.empty, minCompanyRating=Optional.empty, companyId=Optional.empty]
May 13, 2026 1:36:29 PM org.example.ApplicationLayer.EventService searchEvents
INFO: searchEvents requested with criteria: EventSearchCriteria[text=Optional.empty, location=Optional.empty, priceMin=Optional.empty, priceMax=Optional.empty, dateFrom=Optional.empty, dateTo=Optional.empty, minEventRating=Optional.empty, minCompanyRating=Optional.empty, companyId=Optional.empty]
May 13, 2026 1:36:29 PM org.example.ApplicationLayer.EventService searchEvents
INFO: searchEvents requested with criteria: EventSearchCriteria[text=Optional.empty, location=Optional.empty, priceMin=Optional.empty, priceMax=Optional.empty, dateFrom=Optional.empty, dateTo=Optional.empty, minEventRating=Optional.empty, minCompanyRating=Optional.empty, companyId=Optional.empty]
May 13, 2026 1:36:29 PM org.example.ApplicationLayer.EventService searchEvents
INFO: searchEvents requested with criteria: EventSearchCriteria[text=Optional.empty, location=Optional.empty, priceMin=Optional.empty, priceMax=Optional.empty, dateFrom=Optional.empty, dateTo=Optional.empty, minEventRating=Optional.empty, minCompanyRating=Optional.empty, companyId=Optional.empty]
May 13, 2026 1:36:29 PM org.example.ApplicationLayer.EventService searchEvents
INFO: searchEvents requested with criteria: EventSearchCriteria[text=Optional.empty, location=Optional.empty, priceMin=Optional.empty, priceMax=Optional.empty, dateFrom=Optional.empty, dateTo=Optional.empty, minEventRating=Optional.empty, minCompanyRating=Optional.empty, companyId=Optional.empty]
May 13, 2026 1:36:29 PM org.example.ApplicationLayer.EventService searchEvents
INFO: searchEvents requested with criteria: EventSearchCriteria[text=Optional.empty, location=Optional.empty, priceMin=Optional.empty, priceMax=Optional.empty, dateFrom=Optional.empty, dateTo=Optional.empty, minEventRating=Optional.empty, minCompanyRating=Optional.empty, companyId=Optional.empty]
May 13, 2026 1:36:29 PM org.example.ApplicationLayer.EventService searchEvents
INFO: searchEvents requested with criteria: EventSearchCriteria[text=Optional.empty, location=Optional.empty, priceMin=Optional.empty, priceMax=Optional.empty, dateFrom=Optional.empty, dateTo=Optional.empty, minEventRating=Optional.empty, minCompanyRating=Optional.empty, companyId=Optional.empty]
May 13, 2026 1:36:29 PM org.example.ApplicationLayer.EventService searchEvents
INFO: searchEvents requested with criteria: EventSearchCriteria[text=Optional.empty, location=Optional.empty, priceMin=Optional.empty, priceMax=Optional.empty, dateFrom=Optional.empty, dateTo=Optional.empty, minEventRating=Optional.empty, minCompanyRating=Optional.empty, companyId=Optional.empty]
May 13, 2026 1:36:29 PM org.example.ApplicationLayer.EventService searchEvents
INFO: searchEvents requested with criteria: EventSearchCriteria[text=Optional.empty, location=Optional.empty, priceMin=Optional.empty, priceMax=Optional.empty, dateFrom=Optional.empty, dateTo=Optional.empty, minEventRating=Optional.empty, minCompanyRating=Optional.empty, companyId=Optional.empty]
May 13, 2026 1:36:29 PM org.example.ApplicationLayer.EventService searchEvents
INFO: searchEvents requested with criteria: EventSearchCriteria[text=Optional.empty, location=Optional.empty, priceMin=Optional.empty, priceMax=Optional.empty, dateFrom=Optional.empty, dateTo=Optional.empty, minEventRating=Optional.empty, minCompanyRating=Optional.empty, companyId=Optional.empty]
May 13, 2026 1:36:29 PM org.example.ApplicationLayer.EventService searchEvents
INFO: searchEvents requested with criteria: EventSearchCriteria[text=Optional.empty, location=Optional.empty, priceMin=Optional.empty, priceMax=Optional.empty, dateFrom=Optional.empty, dateTo=Optional.empty, minEventRating=Optional.empty, minCompanyRating=Optional.empty, companyId=Optional.empty]
May 13, 2026 1:36:29 PM org.example.ApplicationLayer.EventService searchEvents
INFO: searchEvents requested with criteria: EventSearchCriteria[text=Optional.empty, location=Optional.empty, priceMin=Optional.empty, priceMax=Optional.empty, dateFrom=Optional.empty, dateTo=Optional.empty, minEventRating=Optional.empty, minCompanyRating=Optional.empty, companyId=Optional.empty]
May 13, 2026 1:36:29 PM org.example.ApplicationLayer.EventService searchEvents
INFO: searchEvents requested with criteria: EventSearchCriteria[text=Optional.empty, location=Optional.empty, priceMin=Optional.empty, priceMax=Optional.empty, dateFrom=Optional.empty, dateTo=Optional.empty, minEventRating=Optional.empty, minCompanyRating=Optional.empty, companyId=Optional.empty]
May 13, 2026 1:36:29 PM org.example.ApplicationLayer.EventService searchEvents
INFO: searchEvents requested with criteria: EventSearchCriteria[text=Optional.empty, location=Optional.empty, priceMin=Optional.empty, priceMax=Optional.empty, dateFrom=Optional.empty, dateTo=Optional.empty, minEventRating=Optional.empty, minCompanyRating=Optional.empty, companyId=Optional.empty]
May 13, 2026 1:36:29 PM org.example.ApplicationLayer.EventService searchEvents
INFO: searchEvents requested with criteria: EventSearchCriteria[text=Optional.empty, location=Optional.empty, priceMin=Optional.empty, priceMax=Optional.empty, dateFrom=Optional.empty, dateTo=Optional.empty, minEventRating=Optional.empty, minCompanyRating=Optional.empty, companyId=Optional.empty]
May 13, 2026 1:36:29 PM org.example.ApplicationLayer.EventService searchEvents
INFO: searchEvents requested with criteria: EventSearchCriteria[text=Optional.empty, location=Optional.empty, priceMin=Optional.empty, priceMax=Optional.empty, dateFrom=Optional.empty, dateTo=Optional.empty, minEventRating=Optional.empty, minCompanyRating=Optional.empty, companyId=Optional.empty]
May 13, 2026 1:36:29 PM org.example.ApplicationLayer.EventService searchEvents
INFO: searchEvents requested with criteria: EventSearchCriteria[text=Optional.empty, location=Optional.empty, priceMin=Optional.empty, priceMax=Optional.empty, dateFrom=Optional.empty, dateTo=Optional.empty, minEventRating=Optional.empty, minCompanyRating=Optional.empty, companyId=Optional.empty]
May 13, 2026 1:36:29 PM org.example.ApplicationLayer.EventService searchEvents
INFO: searchEvents requested with criteria: EventSearchCriteria[text=Optional.empty, location=Optional.empty, priceMin=Optional.empty, priceMax=Optional.empty, dateFrom=Optional.empty, dateTo=Optional.empty, minEventRating=Optional.empty, minCompanyRating=Optional.empty, companyId=Optional.empty]
May 13, 2026 1:36:29 PM org.example.ApplicationLayer.EventService searchEvents
INFO: searchEvents requested with criteria: EventSearchCriteria[text=Optional.empty, location=Optional.empty, priceMin=Optional.empty, priceMax=Optional.empty, dateFrom=Optional.empty, dateTo=Optional.empty, minEventRating=Optional.empty, minCompanyRating=Optional.empty, companyId=Optional.empty]
May 13, 2026 1:36:29 PM org.example.ApplicationLayer.EventService searchEvents
INFO: searchEvents requested with criteria: EventSearchCriteria[text=Optional.empty, location=Optional.empty, priceMin=Optional.empty, priceMax=Optional.empty, dateFrom=Optional.empty, dateTo=Optional.empty, minEventRating=Optional.empty, minCompanyRating=Optional.empty, companyId=Optional.empty]
May 13, 2026 1:36:29 PM org.example.ApplicationLayer.EventService searchEvents
INFO: searchEvents requested with criteria: EventSearchCriteria[text=Optional.empty, location=Optional.empty, priceMin=Optional.empty, priceMax=Optional.empty, dateFrom=Optional.empty, dateTo=Optional.empty, minEventRating=Optional.empty, minCompanyRating=Optional.empty, companyId=Optional.empty]
May 13, 2026 1:36:29 PM org.example.ApplicationLayer.EventService searchEvents
INFO: searchEvents requested with criteria: EventSearchCriteria[text=Optional.empty, location=Optional.empty, priceMin=Optional.empty, priceMax=Optional.empty, dateFrom=Optional.empty, dateTo=Optional.empty, minEventRating=Optional.empty, minCompanyRating=Optional.empty, companyId=Optional.empty]
May 13, 2026 1:36:29 PM org.example.ApplicationLayer.EventService searchEvents
INFO: searchEvents requested with criteria: EventSearchCriteria[text=Optional.empty, location=Optional.empty, priceMin=Optional.empty, priceMax=Optional.empty, dateFrom=Optional.empty, dateTo=Optional.empty, minEventRating=Optional.empty, minCompanyRating=Optional.empty, companyId=Optional.empty]
May 13, 2026 1:36:29 PM org.example.ApplicationLayer.EventService searchEvents
INFO: searchEvents requested with criteria: EventSearchCriteria[text=Optional.empty, location=Optional.empty, priceMin=Optional.empty, priceMax=Optional.empty, dateFrom=Optional.empty, dateTo=Optional.empty, minEventRating=Optional.empty, minCompanyRating=Optional.empty, companyId=Optional.empty]
May 13, 2026 1:36:29 PM org.example.ApplicationLayer.EventService searchEvents
INFO: searchEvents requested with criteria: EventSearchCriteria[text=Optional.empty, location=Optional.empty, priceMin=Optional.empty, priceMax=Optional.empty, dateFrom=Optional.empty, dateTo=Optional.empty, minEventRating=Optional.empty, minCompanyRating=Optional.empty, companyId=Optional.empty]
May 13, 2026 1:36:29 PM org.example.ApplicationLayer.EventService searchEvents
INFO: searchEvents requested with criteria: EventSearchCriteria[text=Optional.empty, location=Optional.empty, priceMin=Optional.empty, priceMax=Optional.empty, dateFrom=Optional.empty, dateTo=Optional.empty, minEventRating=Optional.empty, minCompanyRating=Optional.empty, companyId=Optional.empty]
May 13, 2026 1:36:29 PM org.example.ApplicationLayer.EventService searchEvents
INFO: searchEvents requested with criteria: EventSearchCriteria[text=Optional.empty, location=Optional.empty, priceMin=Optional.empty, priceMax=Optional.empty, dateFrom=Optional.empty, dateTo=Optional.empty, minEventRating=Optional.empty, minCompanyRating=Optional.empty, companyId=Optional.empty]
May 13, 2026 1:36:29 PM org.example.ApplicationLayer.EventService searchEvents
INFO: searchEvents requested with criteria: EventSearchCriteria[text=Optional.empty, location=Optional.empty, priceMin=Optional.empty, priceMax=Optional.empty, dateFrom=Optional.empty, dateTo=Optional.empty, minEventRating=Optional.empty, minCompanyRating=Optional.empty, companyId=Optional.empty]
May 13, 2026 1:36:29 PM org.example.ApplicationLayer.EventService searchEvents
INFO: searchEvents requested with criteria: EventSearchCriteria[text=Optional.empty, location=Optional.empty, priceMin=Optional.empty, priceMax=Optional.empty, dateFrom=Optional.empty, dateTo=Optional.empty, minEventRating=Optional.empty, minCompanyRating=Optional.empty, companyId=Optional.empty]
May 13, 2026 1:36:29 PM org.example.ApplicationLayer.EventService searchEvents
INFO: searchEvents requested with criteria: EventSearchCriteria[text=Optional.empty, location=Optional.empty, priceMin=Optional.empty, priceMax=Optional.empty, dateFrom=Optional.empty, dateTo=Optional.empty, minEventRating=Optional.empty, minCompanyRating=Optional.empty, companyId=Optional.empty]
May 13, 2026 1:36:29 PM org.example.ApplicationLayer.EventService searchEvents
INFO: searchEvents requested with criteria: EventSearchCriteria[text=Optional.empty, location=Optional.empty, priceMin=Optional.empty, priceMax=Optional.empty, dateFrom=Optional.empty, dateTo=Optional.empty, minEventRating=Optional.empty, minCompanyRating=Optional.empty, companyId=Optional.empty]
May 13, 2026 1:36:29 PM org.example.ApplicationLayer.EventService searchEvents
INFO: searchEvents requested with criteria: EventSearchCriteria[text=Optional.empty, location=Optional.empty, priceMin=Optional.empty, priceMax=Optional.empty, dateFrom=Optional.empty, dateTo=Optional.empty, minEventRating=Optional.empty, minCompanyRating=Optional.empty, companyId=Optional.empty]
May 13, 2026 1:36:29 PM org.example.ApplicationLayer.EventService searchEvents
INFO: searchEvents requested with criteria: EventSearchCriteria[text=Optional.empty, location=Optional.empty, priceMin=Optional.empty, priceMax=Optional.empty, dateFrom=Optional.empty, dateTo=Optional.empty, minEventRating=Optional.empty, minCompanyRating=Optional.empty, companyId=Optional.empty]
May 13, 2026 1:36:29 PM org.example.ApplicationLayer.EventService searchEvents
INFO: searchEvents requested with criteria: EventSearchCriteria[text=Optional.empty, location=Optional.empty, priceMin=Optional.empty, priceMax=Optional.empty, dateFrom=Optional.empty, dateTo=Optional.empty, minEventRating=Optional.empty, minCompanyRating=Optional.empty, companyId=Optional.empty]
May 13, 2026 1:36:29 PM org.example.ApplicationLayer.EventService searchEvents
INFO: searchEvents requested with criteria: EventSearchCriteria[text=Optional.empty, location=Optional.empty, priceMin=Optional.empty, priceMax=Optional.empty, dateFrom=Optional.empty, dateTo=Optional.empty, minEventRating=Optional.empty, minCompanyRating=Optional.empty, companyId=Optional.empty]
May 13, 2026 1:36:29 PM org.example.ApplicationLayer.EventService searchEvents
INFO: searchEvents requested with criteria: EventSearchCriteria[text=Optional.empty, location=Optional.empty, priceMin=Optional.empty, priceMax=Optional.empty, dateFrom=Optional.empty, dateTo=Optional.empty, minEventRating=Optional.empty, minCompanyRating=Optional.empty, companyId=Optional.empty]
May 13, 2026 1:36:29 PM org.example.ApplicationLayer.EventService searchEvents
INFO: searchEvents requested with criteria: EventSearchCriteria[text=Optional.empty, location=Optional.empty, priceMin=Optional.empty, priceMax=Optional.empty, dateFrom=Optional.empty, dateTo=Optional.empty, minEventRating=Optional.empty, minCompanyRating=Optional.empty, companyId=Optional.empty]
May 13, 2026 1:36:29 PM org.example.ApplicationLayer.EventService searchEvents
INFO: searchEvents requested with criteria: EventSearchCriteria[text=Optional.empty, location=Optional.empty, priceMin=Optional.empty, priceMax=Optional.empty, dateFrom=Optional.empty, dateTo=Optional.empty, minEventRating=Optional.empty, minCompanyRating=Optional.empty, companyId=Optional.empty]
May 13, 2026 1:36:29 PM org.example.ApplicationLayer.EventService searchEvents
INFO: searchEvents requested with criteria: EventSearchCriteria[text=Optional.empty, location=Optional.empty, priceMin=Optional.empty, priceMax=Optional.empty, dateFrom=Optional.empty, dateTo=Optional.empty, minEventRating=Optional.empty, minCompanyRating=Optional.empty, companyId=Optional.empty]
May 13, 2026 1:36:29 PM org.example.ApplicationLayer.EventService searchEvents
INFO: searchEvents requested with criteria: EventSearchCriteria[text=Optional.empty, location=Optional.empty, priceMin=Optional.empty, priceMax=Optional.empty, dateFrom=Optional.empty, dateTo=Optional.empty, minEventRating=Optional.empty, minCompanyRating=Optional.empty, companyId=Optional.empty]
May 13, 2026 1:36:29 PM org.example.ApplicationLayer.EventService searchEvents
INFO: searchEvents requested with criteria: EventSearchCriteria[text=Optional.empty, location=Optional.empty, priceMin=Optional.empty, priceMax=Optional.empty, dateFrom=Optional.empty, dateTo=Optional.empty, minEventRating=Optional.empty, minCompanyRating=Optional.empty, companyId=Optional.empty]
May 13, 2026 1:36:29 PM org.example.ApplicationLayer.EventService searchEvents
INFO: searchEvents requested with criteria: EventSearchCriteria[text=Optional.empty, location=Optional.empty, priceMin=Optional.empty, priceMax=Optional.empty, dateFrom=Optional.empty, dateTo=Optional.empty, minEventRating=Optional.empty, minCompanyRating=Optional.empty, companyId=Optional.empty]
May 13, 2026 1:36:29 PM org.example.ApplicationLayer.EventService searchEvents
INFO: searchEvents requested with criteria: EventSearchCriteria[text=Optional.empty, location=Optional.empty, priceMin=Optional.empty, priceMax=Optional.empty, dateFrom=Optional.empty, dateTo=Optional.empty, minEventRating=Optional.empty, minCompanyRating=Optional.empty, companyId=Optional.empty]
May 13, 2026 1:36:29 PM org.example.ApplicationLayer.EventService searchEvents
INFO: searchEvents requested with criteria: EventSearchCriteria[text=Optional.empty, location=Optional.empty, priceMin=Optional.empty, priceMax=Optional.empty, dateFrom=Optional.empty, dateTo=Optional.empty, minEventRating=Optional.empty, minCompanyRating=Optional.empty, companyId=Optional.empty]
May 13, 2026 1:36:29 PM org.example.ApplicationLayer.EventService searchEvents
INFO: searchEvents requested with criteria: EventSearchCriteria[text=Optional.empty, location=Optional.empty, priceMin=Optional.empty, priceMax=Optional.empty, dateFrom=Optional.empty, dateTo=Optional.empty, minEventRating=Optional.empty, minCompanyRating=Optional.empty, companyId=Optional.empty]
May 13, 2026 1:36:29 PM org.example.ApplicationLayer.EventService searchEvents
INFO: searchEvents requested with criteria: EventSearchCriteria[text=Optional.empty, location=Optional.empty, priceMin=Optional.empty, priceMax=Optional.empty, dateFrom=Optional.empty, dateTo=Optional.empty, minEventRating=Optional.empty, minCompanyRating=Optional.empty, companyId=Optional.empty]
May 13, 2026 1:36:29 PM org.example.ApplicationLayer.EventService searchEvents
INFO: searchEvents requested with criteria: EventSearchCriteria[text=Optional.empty, location=Optional.empty, priceMin=Optional.empty, priceMax=Optional.empty, dateFrom=Optional.empty, dateTo=Optional.empty, minEventRating=Optional.empty, minCompanyRating=Optional.empty, companyId=Optional.empty]
May 13, 2026 1:36:29 PM org.example.ApplicationLayer.EventService searchEvents
INFO: searchEvents requested with criteria: EventSearchCriteria[text=Optional.empty, location=Optional.empty, priceMin=Optional.empty, priceMax=Optional.empty, dateFrom=Optional.empty, dateTo=Optional.empty, minEventRating=Optional.empty, minCompanyRating=Optional.empty, companyId=Optional.empty]
May 13, 2026 1:36:29 PM org.example.ApplicationLayer.EventService searchEvents
INFO: searchEvents requested with criteria: EventSearchCriteria[text=Optional.empty, location=Optional.empty, priceMin=Optional.empty, priceMax=Optional.empty, dateFrom=Optional.empty, dateTo=Optional.empty, minEventRating=Optional.empty, minCompanyRating=Optional.empty, companyId=Optional.empty]
May 13, 2026 1:36:29 PM org.example.ApplicationLayer.EventService searchEvents
INFO: searchEvents requested with criteria: EventSearchCriteria[text=Optional.empty, location=Optional.empty, priceMin=Optional.empty, priceMax=Optional.empty, dateFrom=Optional.empty, dateTo=Optional.empty, minEventRating=Optional.empty, minCompanyRating=Optional.empty, companyId=Optional.empty]
May 13, 2026 1:36:29 PM org.example.ApplicationLayer.EventService searchEvents
INFO: searchEvents requested with criteria: EventSearchCriteria[text=Optional.empty, location=Optional.empty, priceMin=Optional.empty, priceMax=Optional.empty, dateFrom=Optional.empty, dateTo=Optional.empty, minEventRating=Optional.empty, minCompanyRating=Optional.empty, companyId=Optional.empty]
May 13, 2026 1:36:29 PM org.example.ApplicationLayer.EventService searchEvents
INFO: searchEvents requested with criteria: EventSearchCriteria[text=Optional.empty, location=Optional.empty, priceMin=Optional.empty, priceMax=Optional.empty, dateFrom=Optional.empty, dateTo=Optional.empty, minEventRating=Optional.empty, minCompanyRating=Optional.empty, companyId=Optional.empty]
May 13, 2026 1:36:29 PM org.example.ApplicationLayer.EventService searchEvents
INFO: searchEvents requested with criteria: EventSearchCriteria[text=Optional.empty, location=Optional.empty, priceMin=Optional.empty, priceMax=Optional.empty, dateFrom=Optional.empty, dateTo=Optional.empty, minEventRating=Optional.empty, minCompanyRating=Optional.empty, companyId=Optional.empty]
May 13, 2026 1:36:29 PM org.example.ApplicationLayer.EventService searchEvents
INFO: searchEvents requested with criteria: EventSearchCriteria[text=Optional.empty, location=Optional.empty, priceMin=Optional.empty, priceMax=Optional.empty, dateFrom=Optional.empty, dateTo=Optional.empty, minEventRating=Optional.empty, minCompanyRating=Optional.empty, companyId=Optional.empty]
May 13, 2026 1:36:29 PM org.example.ApplicationLayer.EventService searchEvents
INFO: searchEvents requested with criteria: EventSearchCriteria[text=Optional.empty, location=Optional.empty, priceMin=Optional.empty, priceMax=Optional.empty, dateFrom=Optional.empty, dateTo=Optional.empty, minEventRating=Optional.empty, minCompanyRating=Optional.empty, companyId=Optional.empty]
May 13, 2026 1:36:29 PM org.example.ApplicationLayer.EventService searchEvents
INFO: searchEvents requested with criteria: EventSearchCriteria[text=Optional.empty, location=Optional.empty, priceMin=Optional.empty, priceMax=Optional.empty, dateFrom=Optional.empty, dateTo=Optional.empty, minEventRating=Optional.empty, minCompanyRating=Optional.empty, companyId=Optional.empty]
May 13, 2026 1:36:29 PM org.example.ApplicationLayer.EventService searchEvents
INFO: searchEvents requested with criteria: EventSearchCriteria[text=Optional.empty, location=Optional.empty, priceMin=Optional.empty, priceMax=Optional.empty, dateFrom=Optional.empty, dateTo=Optional.empty, minEventRating=Optional.empty, minCompanyRating=Optional.empty, companyId=Optional.empty]
May 13, 2026 1:36:29 PM org.example.ApplicationLayer.EventService searchEvents
INFO: searchEvents requested with criteria: EventSearchCriteria[text=Optional.empty, location=Optional.empty, priceMin=Optional.empty, priceMax=Optional.empty, dateFrom=Optional.empty, dateTo=Optional.empty, minEventRating=Optional.empty, minCompanyRating=Optional.empty, companyId=Optional.empty]
May 13, 2026 1:36:29 PM org.example.ApplicationLayer.EventService searchEvents
INFO: searchEvents requested with criteria: EventSearchCriteria[text=Optional.empty, location=Optional.empty, priceMin=Optional.empty, priceMax=Optional.empty, dateFrom=Optional.empty, dateTo=Optional.empty, minEventRating=Optional.empty, minCompanyRating=Optional.empty, companyId=Optional.empty]
May 13, 2026 1:36:29 PM org.example.ApplicationLayer.EventService searchEvents
INFO: searchEvents requested with criteria: EventSearchCriteria[text=Optional.empty, location=Optional.empty, priceMin=Optional.empty, priceMax=Optional.empty, dateFrom=Optional.empty, dateTo=Optional.empty, minEventRating=Optional.empty, minCompanyRating=Optional.empty, companyId=Optional.empty]
May 13, 2026 1:36:29 PM org.example.ApplicationLayer.EventService searchEvents
INFO: searchEvents requested with criteria: EventSearchCriteria[text=Optional.empty, location=Optional.empty, priceMin=Optional.empty, priceMax=Optional.empty, dateFrom=Optional.empty, dateTo=Optional.empty, minEventRating=Optional.empty, minCompanyRating=Optional.empty, companyId=Optional.empty]
May 13, 2026 1:36:29 PM org.example.ApplicationLayer.EventService searchEvents
INFO: searchEvents requested with criteria: EventSearchCriteria[text=Optional.empty, location=Optional.empty, priceMin=Optional.empty, priceMax=Optional.empty, dateFrom=Optional.empty, dateTo=Optional.empty, minEventRating=Optional.empty, minCompanyRating=Optional.empty, companyId=Optional.empty]
May 13, 2026 1:36:29 PM org.example.ApplicationLayer.EventService searchEvents
INFO: searchEvents requested with criteria: EventSearchCriteria[text=Optional.empty, location=Optional.empty, priceMin=Optional.empty, priceMax=Optional.empty, dateFrom=Optional.empty, dateTo=Optional.empty, minEventRating=Optional.empty, minCompanyRating=Optional.empty, companyId=Optional.empty]
May 13, 2026 1:36:29 PM org.example.ApplicationLayer.EventService searchEvents
INFO: searchEvents requested with criteria: EventSearchCriteria[text=Optional.empty, location=Optional.empty, priceMin=Optional.empty, priceMax=Optional.empty, dateFrom=Optional.empty, dateTo=Optional.empty, minEventRating=Optional.empty, minCompanyRating=Optional.empty, companyId=Optional.empty]
May 13, 2026 1:36:29 PM org.example.ApplicationLayer.EventService searchEvents
INFO: searchEvents requested with criteria: EventSearchCriteria[text=Optional.empty, location=Optional.empty, priceMin=Optional.empty, priceMax=Optional.empty, dateFrom=Optional.empty, dateTo=Optional.empty, minEventRating=Optional.empty, minCompanyRating=Optional.empty, companyId=Optional.empty]
May 13, 2026 1:36:29 PM org.example.ApplicationLayer.EventService searchEvents
INFO: searchEvents requested with criteria: EventSearchCriteria[text=Optional.empty, location=Optional.empty, priceMin=Optional.empty, priceMax=Optional.empty, dateFrom=Optional.empty, dateTo=Optional.empty, minEventRating=Optional.empty, minCompanyRating=Optional.empty, companyId=Optional.empty]
May 13, 2026 1:36:29 PM org.example.ApplicationLayer.EventService searchEvents
INFO: searchEvents requested with criteria: EventSearchCriteria[text=Optional.empty, location=Optional.empty, priceMin=Optional.empty, priceMax=Optional.empty, dateFrom=Optional.empty, dateTo=Optional.empty, minEventRating=Optional.empty, minCompanyRating=Optional.empty, companyId=Optional.empty]
May 13, 2026 1:36:29 PM org.example.ApplicationLayer.EventService searchEvents
INFO: searchEvents requested with criteria: EventSearchCriteria[text=Optional.empty, location=Optional.empty, priceMin=Optional.empty, priceMax=Optional.empty, dateFrom=Optional.empty, dateTo=Optional.empty, minEventRating=Optional.empty, minCompanyRating=Optional.empty, companyId=Optional.empty]
May 13, 2026 1:36:29 PM org.example.ApplicationLayer.EventService searchEvents
INFO: searchEvents requested with criteria: EventSearchCriteria[text=Optional.empty, location=Optional.empty, priceMin=Optional.empty, priceMax=Optional.empty, dateFrom=Optional.empty, dateTo=Optional.empty, minEventRating=Optional.empty, minCompanyRating=Optional.empty, companyId=Optional.empty]
May 13, 2026 1:36:29 PM org.example.ApplicationLayer.EventService searchEvents
INFO: searchEvents requested with criteria: EventSearchCriteria[text=Optional.empty, location=Optional.empty, priceMin=Optional.empty, priceMax=Optional.empty, dateFrom=Optional.empty, dateTo=Optional.empty, minEventRating=Optional.empty, minCompanyRating=Optional.empty, companyId=Optional.empty]
May 13, 2026 1:36:29 PM org.example.ApplicationLayer.EventService searchEvents
INFO: searchEvents requested with criteria: EventSearchCriteria[text=Optional.empty, location=Optional.empty, priceMin=Optional.empty, priceMax=Optional.empty, dateFrom=Optional.empty, dateTo=Optional.empty, minEventRating=Optional.empty, minCompanyRating=Optional.empty, companyId=Optional.empty]
May 13, 2026 1:36:29 PM org.example.ApplicationLayer.EventService searchEvents
INFO: searchEvents requested with criteria: EventSearchCriteria[text=Optional.empty, location=Optional.empty, priceMin=Optional.empty, priceMax=Optional.empty, dateFrom=Optional.empty, dateTo=Optional.empty, minEventRating=Optional.empty, minCompanyRating=Optional.empty, companyId=Optional.empty]
May 13, 2026 1:36:29 PM org.example.ApplicationLayer.EventService searchEvents
INFO: searchEvents requested with criteria: EventSearchCriteria[text=Optional.empty, location=Optional.empty, priceMin=Optional.empty, priceMax=Optional.empty, dateFrom=Optional.empty, dateTo=Optional.empty, minEventRating=Optional.empty, minCompanyRating=Optional.empty, companyId=Optional.empty]
May 13, 2026 1:36:29 PM org.example.ApplicationLayer.EventService searchEvents
INFO: searchEvents requested with criteria: EventSearchCriteria[text=Optional.empty, location=Optional.empty, priceMin=Optional.empty, priceMax=Optional.empty, dateFrom=Optional.empty, dateTo=Optional.empty, minEventRating=Optional.empty, minCompanyRating=Optional.empty, companyId=Optional.empty]
May 13, 2026 1:36:29 PM org.example.ApplicationLayer.EventService searchEvents
INFO: searchEvents requested with criteria: EventSearchCriteria[text=Optional.empty, location=Optional.empty, priceMin=Optional.empty, priceMax=Optional.empty, dateFrom=Optional.empty, dateTo=Optional.empty, minEventRating=Optional.empty, minCompanyRating=Optional.empty, companyId=Optional.empty]
May 13, 2026 1:36:29 PM org.example.ApplicationLayer.EventService searchEvents
INFO: searchEvents requested with criteria: EventSearchCriteria[text=Optional.empty, location=Optional.empty, priceMin=Optional.empty, priceMax=Optional.empty, dateFrom=Optional.empty, dateTo=Optional.empty, minEventRating=Optional.empty, minCompanyRating=Optional.empty, companyId=Optional.empty]
May 13, 2026 1:36:29 PM org.example.ApplicationLayer.EventService searchEvents
INFO: searchEvents requested with criteria: EventSearchCriteria[text=Optional.empty, location=Optional.empty, priceMin=Optional.empty, priceMax=Optional.empty, dateFrom=Optional.empty, dateTo=Optional.empty, minEventRating=Optional.empty, minCompanyRating=Optional.empty, companyId=Optional.empty]
May 13, 2026 1:36:29 PM org.example.ApplicationLayer.EventService searchEvents
INFO: searchEvents requested with criteria: EventSearchCriteria[text=Optional.empty, location=Optional.empty, priceMin=Optional.empty, priceMax=Optional.empty, dateFrom=Optional.empty, dateTo=Optional.empty, minEventRating=Optional.empty, minCompanyRating=Optional.empty, companyId=Optional.empty]
May 13, 2026 1:36:29 PM org.example.ApplicationLayer.EventService searchEvents
INFO: searchEvents requested with criteria: EventSearchCriteria[text=Optional.empty, location=Optional.empty, priceMin=Optional.empty, priceMax=Optional.empty, dateFrom=Optional.empty, dateTo=Optional.empty, minEventRating=Optional.empty, minCompanyRating=Optional.empty, companyId=Optional.empty]
May 13, 2026 1:36:29 PM org.example.ApplicationLayer.EventService searchEvents
INFO: searchEvents requested with criteria: EventSearchCriteria[text=Optional.empty, location=Optional.empty, priceMin=Optional.empty, priceMax=Optional.empty, dateFrom=Optional.empty, dateTo=Optional.empty, minEventRating=Optional.empty, minCompanyRating=Optional.empty, companyId=Optional.empty]
May 13, 2026 1:36:29 PM org.example.ApplicationLayer.EventService searchEvents
INFO: searchEvents requested with criteria: EventSearchCriteria[text=Optional.empty, location=Optional.empty, priceMin=Optional.empty, priceMax=Optional.empty, dateFrom=Optional.empty, dateTo=Optional.empty, minEventRating=Optional.empty, minCompanyRating=Optional.empty, companyId=Optional.empty]
May 13, 2026 1:36:29 PM org.example.ApplicationLayer.EventService searchEvents
INFO: searchEvents requested with criteria: EventSearchCriteria[text=Optional.empty, location=Optional.empty, priceMin=Optional.empty, priceMax=Optional.empty, dateFrom=Optional.empty, dateTo=Optional.empty, minEventRating=Optional.empty, minCompanyRating=Optional.empty, companyId=Optional.empty]
May 13, 2026 1:36:29 PM org.example.ApplicationLayer.EventService searchEvents
INFO: searchEvents requested with criteria: EventSearchCriteria[text=Optional.empty, location=Optional.empty, priceMin=Optional.empty, priceMax=Optional.empty, dateFrom=Optional.empty, dateTo=Optional.empty, minEventRating=Optional.empty, minCompanyRating=Optional.empty, companyId=Optional.empty]
May 13, 2026 1:36:29 PM org.example.ApplicationLayer.EventService searchEvents
INFO: searchEvents requested with criteria: EventSearchCriteria[text=Optional.empty, location=Optional.empty, priceMin=Optional.empty, priceMax=Optional.empty, dateFrom=Optional.empty, dateTo=Optional.empty, minEventRating=Optional.empty, minCompanyRating=Optional.empty, companyId=Optional.empty]
May 13, 2026 1:36:29 PM org.example.ApplicationLayer.EventService searchEvents
INFO: searchEvents requested with criteria: EventSearchCriteria[text=Optional.empty, location=Optional.empty, priceMin=Optional.empty, priceMax=Optional.empty, dateFrom=Optional.empty, dateTo=Optional.empty, minEventRating=Optional.empty, minCompanyRating=Optional.empty, companyId=Optional.empty]
May 13, 2026 1:36:29 PM org.example.ApplicationLayer.EventService searchEvents
INFO: searchEvents requested with criteria: EventSearchCriteria[text=Optional.empty, location=Optional.empty, priceMin=Optional.empty, priceMax=Optional.empty, dateFrom=Optional.empty, dateTo=Optional.empty, minEventRating=Optional.empty, minCompanyRating=Optional.empty, companyId=Optional.empty]
May 13, 2026 1:36:29 PM org.example.ApplicationLayer.EventService searchEvents
INFO: searchEvents requested with criteria: EventSearchCriteria[text=Optional.empty, location=Optional.empty, priceMin=Optional.empty, priceMax=Optional.empty, dateFrom=Optional.empty, dateTo=Optional.empty, minEventRating=Optional.empty, minCompanyRating=Optional.empty, companyId=Optional.empty]
May 13, 2026 1:36:29 PM org.example.ApplicationLayer.EventService searchEvents
INFO: searchEvents requested with criteria: EventSearchCriteria[text=Optional.empty, location=Optional.empty, priceMin=Optional.empty, priceMax=Optional.empty, dateFrom=Optional.empty, dateTo=Optional.empty, minEventRating=Optional.empty, minCompanyRating=Optional.empty, companyId=Optional.empty]
May 13, 2026 1:36:29 PM org.example.ApplicationLayer.EventService searchEvents
INFO: searchEvents requested with criteria: EventSearchCriteria[text=Optional.empty, location=Optional.empty, priceMin=Optional.empty, priceMax=Optional.empty, dateFrom=Optional.empty, dateTo=Optional.empty, minEventRating=Optional.empty, minCompanyRating=Optional.empty, companyId=Optional.empty]
May 13, 2026 1:36:29 PM org.example.ApplicationLayer.EventService searchEvents
INFO: searchEvents requested with criteria: EventSearchCriteria[text=Optional.empty, location=Optional.empty, priceMin=Optional.empty, priceMax=Optional.empty, dateFrom=Optional.empty, dateTo=Optional.empty, minEventRating=Optional.empty, minCompanyRating=Optional.empty, companyId=Optional.empty]
May 13, 2026 1:36:29 PM org.example.ApplicationLayer.EventService searchEvents
INFO: searchEvents requested with criteria: EventSearchCriteria[text=Optional.empty, location=Optional.empty, priceMin=Optional.empty, priceMax=Optional.empty, dateFrom=Optional.empty, dateTo=Optional.empty, minEventRating=Optional.empty, minCompanyRating=Optional.empty, companyId=Optional.empty]
May 13, 2026 1:36:29 PM org.example.ApplicationLayer.EventService searchEvents
INFO: searchEvents requested with criteria: EventSearchCriteria[text=Optional.empty, location=Optional.empty, priceMin=Optional.empty, priceMax=Optional.empty, dateFrom=Optional.empty, dateTo=Optional.empty, minEventRating=Optional.empty, minCompanyRating=Optional.empty, companyId=Optional.empty]
May 13, 2026 1:36:29 PM org.example.ApplicationLayer.EventService searchEvents
INFO: searchEvents requested with criteria: EventSearchCriteria[text=Optional.empty, location=Optional.empty, priceMin=Optional.empty, priceMax=Optional.empty, dateFrom=Optional.empty, dateTo=Optional.empty, minEventRating=Optional.empty, minCompanyRating=Optional.empty, companyId=Optional.empty]
May 13, 2026 1:36:29 PM org.example.ApplicationLayer.EventService searchEvents
INFO: searchEvents requested with criteria: EventSearchCriteria[text=Optional.empty, location=Optional.empty, priceMin=Optional.empty, priceMax=Optional.empty, dateFrom=Optional.empty, dateTo=Optional.empty, minEventRating=Optional.empty, minCompanyRating=Optional.empty, companyId=Optional.empty]
May 13, 2026 1:36:29 PM org.example.ApplicationLayer.EventService searchEvents
INFO: searchEvents requested with criteria: EventSearchCriteria[text=Optional.empty, location=Optional.empty, priceMin=Optional.empty, priceMax=Optional.empty, dateFrom=Optional.empty, dateTo=Optional.empty, minEventRating=Optional.empty, minCompanyRating=Optional.empty, companyId=Optional.empty]
May 13, 2026 1:36:29 PM org.example.ApplicationLayer.EventService searchEvents
INFO: searchEvents requested with criteria: EventSearchCriteria[text=Optional.empty, location=Optional.empty, priceMin=Optional.empty, priceMax=Optional.empty, dateFrom=Optional.empty, dateTo=Optional.empty, minEventRating=Optional.empty, minCompanyRating=Optional.empty, companyId=Optional.empty]
May 13, 2026 1:36:29 PM org.example.ApplicationLayer.EventService searchEvents
INFO: searchEvents requested with criteria: EventSearchCriteria[text=Optional.empty, location=Optional.empty, priceMin=Optional.empty, priceMax=Optional.empty, dateFrom=Optional.empty, dateTo=Optional.empty, minEventRating=Optional.empty, minCompanyRating=Optional.empty, companyId=Optional.empty]
May 13, 2026 1:36:29 PM org.example.ApplicationLayer.EventService searchEvents
INFO: searchEvents requested with criteria: EventSearchCriteria[text=Optional.empty, location=Optional.empty, priceMin=Optional.empty, priceMax=Optional.empty, dateFrom=Optional.empty, dateTo=Optional.empty, minEventRating=Optional.empty, minCompanyRating=Optional.empty, companyId=Optional.empty]
May 13, 2026 1:36:29 PM org.example.ApplicationLayer.EventService searchEvents
INFO: searchEvents requested with criteria: EventSearchCriteria[text=Optional.empty, location=Optional.empty, priceMin=Optional.empty, priceMax=Optional.empty, dateFrom=Optional.empty, dateTo=Optional.empty, minEventRating=Optional.empty, minCompanyRating=Optional.empty, companyId=Optional.empty]
May 13, 2026 1:36:29 PM org.example.ApplicationLayer.EventService searchEvents
INFO: searchEvents requested with criteria: EventSearchCriteria[text=Optional.empty, location=Optional.empty, priceMin=Optional.empty, priceMax=Optional.empty, dateFrom=Optional.empty, dateTo=Optional.empty, minEventRating=Optional.empty, minCompanyRating=Optional.empty, companyId=Optional.empty]
May 13, 2026 1:36:29 PM org.example.ApplicationLayer.EventService searchEvents
INFO: searchEvents requested with criteria: EventSearchCriteria[text=Optional.empty, location=Optional.empty, priceMin=Optional.empty, priceMax=Optional.empty, dateFrom=Optional.empty, dateTo=Optional.empty, minEventRating=Optional.empty, minCompanyRating=Optional.empty, companyId=Optional.empty]
May 13, 2026 1:36:29 PM org.example.ApplicationLayer.EventService searchEvents
INFO: searchEvents requested with criteria: EventSearchCriteria[text=Optional.empty, location=Optional.empty, priceMin=Optional.empty, priceMax=Optional.empty, dateFrom=Optional.empty, dateTo=Optional.empty, minEventRating=Optional.empty, minCompanyRating=Optional.empty, companyId=Optional.empty]
May 13, 2026 1:36:29 PM org.example.ApplicationLayer.EventService searchEvents
INFO: searchEvents requested with criteria: EventSearchCriteria[text=Optional.empty, location=Optional.empty, priceMin=Optional.empty, priceMax=Optional.empty, dateFrom=Optional.empty, dateTo=Optional.empty, minEventRating=Optional.empty, minCompanyRating=Optional.empty, companyId=Optional.empty]
May 13, 2026 1:36:29 PM org.example.ApplicationLayer.EventService searchEvents
INFO: searchEvents requested with criteria: EventSearchCriteria[text=Optional.empty, location=Optional.empty, priceMin=Optional.empty, priceMax=Optional.empty, dateFrom=Optional.empty, dateTo=Optional.empty, minEventRating=Optional.empty, minCompanyRating=Optional.empty, companyId=Optional.empty]
May 13, 2026 1:36:29 PM org.example.ApplicationLayer.EventService searchEvents
INFO: searchEvents requested with criteria: EventSearchCriteria[text=Optional.empty, location=Optional.empty, priceMin=Optional.empty, priceMax=Optional.empty, dateFrom=Optional.empty, dateTo=Optional.empty, minEventRating=Optional.empty, minCompanyRating=Optional.empty, companyId=Optional.empty]
May 13, 2026 1:36:29 PM org.example.ApplicationLayer.EventService searchEvents
INFO: searchEvents requested with criteria: EventSearchCriteria[text=Optional.empty, location=Optional.empty, priceMin=Optional.empty, priceMax=Optional.empty, dateFrom=Optional.empty, dateTo=Optional.empty, minEventRating=Optional.empty, minCompanyRating=Optional.empty, companyId=Optional.empty]
May 13, 2026 1:36:29 PM org.example.ApplicationLayer.EventService searchEvents
INFO: searchEvents requested with criteria: EventSearchCriteria[text=Optional.empty, location=Optional.empty, priceMin=Optional.empty, priceMax=Optional.empty, dateFrom=Optional.empty, dateTo=Optional.empty, minEventRating=Optional.empty, minCompanyRating=Optional.empty, companyId=Optional.empty]
May 13, 2026 1:36:29 PM org.example.ApplicationLayer.EventService searchEvents
[...]
May 13, 2026 1:36:29 PM org.example.ApplicationLayer.EventService searchEvents
INFO: searchEvents requested with criteria: EventSearchCriteria[text=Optional.empty, location=Optional.empty, priceMin=Optional.empty, priceMax=Optional.empty, dateFrom=Optional.empty, dateTo=Optional.empty, minEventRating=Optional.empty, minCompanyRating=Optional.empty, companyId=Optional.empty]
May 13, 2026 1:36:29 PM org.example.ApplicationLayer.EventService searchEvents
INFO: searchEvents requested with criteria: EventSearchCriteria[text=Optional.empty, location=Optional.empty, priceMin=Optional.empty, priceMax=Optional.empty, dateFrom=Optional.empty, dateTo=Optional.empty, minEventRating=Optional.empty, minCompanyRating=Optional.empty, companyId=Optional.empty]
May 13, 2026 1:36:29 PM org.example.ApplicationLayer.EventService searchEvents
INFO: searchEvents requested with criteria: EventSearchCriteria[text=Optional.empty, location=Optional.empty, priceMin=Optional.empty, priceMax=Optional.empty, dateFrom=Optional.empty, dateTo=Optional.empty, minEventRating=Optional.empty, minCompanyRating=Optional.empty, companyId=Optional.empty]
May 13, 2026 1:36:29 PM org.example.ApplicationLayer.EventService searchEvents
INFO: searchEvents requested with criteria: EventSearchCriteria[text=Optional.empty, location=Optional.empty, priceMin=Optional.empty, priceMax=Optional.empty, dateFrom=Optional.empty, dateTo=Optional.empty, minEventRating=Optional.empty, minCompanyRating=Optional.empty, companyId=Optional.empty]
May 13, 2026 1:36:29 PM org.example.ApplicationLayer.EventService searchEvents
INFO: searchEvents requested with criteria: EventSearchCriteria[text=Optional.empty, location=Optional.empty, priceMin=Optional.empty, priceMax=Optional.empty, dateFrom=Optional.empty, dateTo=Optional.empty, minEventRating=Optional.empty, minCompanyRating=Optional.empty, companyId=Optional.empty]
May 13, 2026 1:36:29 PM org.example.ApplicationLayer.EventService searchEvents
INFO: searchEvents requested with criteria: EventSearchCriteria[text=Optional.empty, location=Optional.empty, priceMin=Optional.empty, priceMax=Optional.empty, dateFrom=Optional.empty, dateTo=Optional.empty, minEventRating=Optional.empty, minCompanyRating=Optional.empty, companyId=Optional.empty]
May 13, 2026 1:36:29 PM org.example.ApplicationLayer.EventService searchEvents
INFO: searchEvents requested with criteria: EventSearchCriteria[text=Optional.empty, location=Optional.empty, priceMin=Optional.empty, priceMax=Optional.empty, dateFrom=Optional.empty, dateTo=Optional.empty, minEventRating=Optional.empty, minCompanyRating=Optional.empty, companyId=Optional.empty]
May 13, 2026 1:36:29 PM org.example.ApplicationLayer.EventService searchEvents
INFO: searchEvents requested with criteria: EventSearchCriteria[text=Optional.empty, location=Optional.empty, priceMin=Optional.empty, priceMax=Optional.empty, dateFrom=Optional.empty, dateTo=Optional.empty, minEventRating=Optional.empty, minCompanyRating=Optional.empty, companyId=Optional.empty]
May 13, 2026 1:36:29 PM org.example.ApplicationLayer.EventService searchEvents
INFO: searchEvents requested with criteria: EventSearchCriteria[text=Optional.empty, location=Optional.empty, priceMin=Optional.empty, priceMax=Optional.empty, dateFrom=Optional.empty, dateTo=Optional.empty, minEventRating=Optional.empty, minCompanyRating=Optional.empty, companyId=Optional.empty]
May 13, 2026 1:36:29 PM org.example.ApplicationLayer.EventService searchEvents
INFO: searchEvents requested with criteria: EventSearchCriteria[text=Optional.empty, location=Optional.empty, priceMin=Optional.empty, priceMax=Optional.empty, dateFrom=Optional.empty, dateTo=Optional.empty, minEventRating=Optional.empty, minCompanyRating=Optional.empty, companyId=Optional.empty]
May 13, 2026 1:36:29 PM org.example.ApplicationLayer.EventService searchEvents
INFO: searchEvents requested with criteria: EventSearchCriteria[text=Optional.empty, location=Optional.empty, priceMin=Optional.empty, priceMax=Optional.empty, dateFrom=Optional.empty, dateTo=Optional.empty, minEventRating=Optional.empty, minCompanyRating=Optional.empty, companyId=Optional.empty]
May 13, 2026 1:36:29 PM org.example.ApplicationLayer.EventService searchEvents
INFO: searchEvents requested with criteria: EventSearchCriteria[text=Optional.empty, location=Optional.empty, priceMin=Optional.empty, priceMax=Optional.empty, dateFrom=Optional.empty, dateTo=Optional.empty, minEventRating=Optional.empty, minCompanyRating=Optional.empty, companyId=Optional.empty]
May 13, 2026 1:36:29 PM org.example.ApplicationLayer.EventService searchEvents
INFO: searchEvents requested with criteria: EventSearchCriteria[text=Optional.empty, location=Optional.empty, priceMin=Optional.empty, priceMax=Optional.empty, dateFrom=Optional.empty, dateTo=Optional.empty, minEventRating=Optional.empty, minCompanyRating=Optional.empty, companyId=Optional.empty]
May 13, 2026 1:36:29 PM org.example.ApplicationLayer.EventService searchEvents
INFO: searchEvents requested with criteria: EventSearchCriteria[text=Optional.empty, location=Optional.empty, priceMin=Optional.empty, priceMax=Optional.empty, dateFrom=Optional.empty, dateTo=Optional.empty, minEventRating=Optional.empty, minCompanyRating=Optional.empty, companyId=Optional.empty]
May 13, 2026 1:36:29 PM org.example.ApplicationLayer.EventService searchEvents
INFO: searchEvents requested with criteria: EventSearchCriteria[text=Optional.empty, location=Optional.empty, priceMin=Optional.empty, priceMax=Optional.empty, dateFrom=Optional.empty, dateTo=Optional.empty, minEventRating=Optional.empty, minCompanyRating=Optional.empty, companyId=Optional.empty]
May 13, 2026 1:36:29 PM org.example.ApplicationLayer.EventService searchEvents
INFO: searchEvents requested with criteria: EventSearchCriteria[text=Optional.empty, location=Optional.empty, priceMin=Optional.empty, priceMax=Optional.empty, dateFrom=Optional.empty, dateTo=Optional.empty, minEventRating=Optional.empty, minCompanyRating=Optional.empty, companyId=Optional.empty]
May 13, 2026 1:36:29 PM org.example.ApplicationLayer.EventService searchEvents
INFO: searchEvents requested with criteria: EventSearchCriteria[text=Optional.empty, location=Optional.empty, priceMin=Optional.empty, priceMax=Optional.empty, dateFrom=Optional.empty, dateTo=Optional.empty, minEventRating=Optional.empty, minCompanyRating=Optional.empty, companyId=Optional.empty]
May 13, 2026 1:36:29 PM org.example.ApplicationLayer.EventService searchEvents
INFO: searchEvents requested with criteria: EventSearchCriteria[text=Optional.empty, location=Optional.empty, priceMin=Optional.empty, priceMax=Optional.empty, dateFrom=Optional.empty, dateTo=Optional.empty, minEventRating=Optional.empty, minCompanyRating=Optional.empty, companyId=Optional.empty]
May 13, 2026 1:36:29 PM org.example.ApplicationLayer.EventService searchEvents
INFO: searchEvents requested with criteria: EventSearchCriteria[text=Optional.empty, location=Optional.empty, priceMin=Optional.empty, priceMax=Optional.empty, dateFrom=Optional.empty, dateTo=Optional.empty, minEventRating=Optional.empty, minCompanyRating=Optional.empty, companyId=Optional.empty]
May 13, 2026 1:36:29 PM org.example.ApplicationLayer.EventService searchEvents
INFO: searchEvents requested with criteria: EventSearchCriteria[text=Optional.empty, location=Optional.empty, priceMin=Optional.empty, priceMax=Optional.empty, dateFrom=Optional.empty, dateTo=Optional.empty, minEventRating=Optional.empty, minCompanyRating=Optional.empty, companyId=Optional.empty]
May 13, 2026 1:36:29 PM org.example.ApplicationLayer.EventService searchEvents
INFO: searchEvents requested with criteria: EventSearchCriteria[text=Optional.empty, location=Optional.empty, priceMin=Optional.empty, priceMax=Optional.empty, dateFrom=Optional.empty, dateTo=Optional.empty, minEventRating=Optional.empty, minCompanyRating=Optional.empty, companyId=Optional.empty]
May 13, 2026 1:36:29 PM org.example.ApplicationLayer.EventService searchEvents
INFO: searchEvents requested with criteria: EventSearchCriteria[text=Optional.empty, location=Optional.empty, priceMin=Optional.empty, priceMax=Optional.empty, dateFrom=Optional.empty, dateTo=Optional.empty, minEventRating=Optional.empty, minCompanyRating=Optional.empty, companyId=Optional.empty]
May 13, 2026 1:36:29 PM org.example.ApplicationLayer.EventService searchEvents
INFO: searchEvents requested with criteria: EventSearchCriteria[text=Optional.empty, location=Optional.empty, priceMin=Optional.empty, priceMax=Optional.empty, dateFrom=Optional.empty, dateTo=Optional.empty, minEventRating=Optional.empty, minCompanyRating=Optional.empty, companyId=Optional.empty]
]]></system-err>
  </testcase>
  <testcase name="GivenNegativeDiscount_WhenAddOvertDiscount_ThenThrowsIllegalArgumentExceptionAtServiceLayer" classname="org.example.ApplicationLayer.EventServiceTest" time="0.0"/>
  <testcase name="GivenAllOptionalsPresentAndValid_WhenAddPolicyRule_ThenAllFourRulesAreAddedToTheEventPolicy" classname="org.example.ApplicationLayer.EventServiceTest" time="0.002"/>
  <testcase name="GivenRatingAboveFive_WhenRateEvent_ThenThrowsIllegalArgumentExceptionAtServiceLayer" classname="org.example.ApplicationLayer.EventServiceTest" time="0.002"/>
  <testcase name="GivenExistingEvent_WhenDeleteEvent_ThenRepositoryDeleteIsCalledAndReturnsTrue" classname="org.example.ApplicationLayer.EventServiceTest" time="0.002">
    <system-err><![CDATA[May 13, 2026 1:36:29 PM org.example.ApplicationLayer.EventService deleteEvent
INFO: Event deleted: 2732dd41-b175-4f98-901e-cf469182fddf
]]></system-err>
  </testcase>
  <testcase name="GivenValidRating_WhenRateEvent_ThenEventRatingIsUpdatedAndEventIsSaved" classname="org.example.ApplicationLayer.EventServiceTest" time="0.0"/>
  <testcase name="GivenMixedValidAndInvalidConcurrentRatings_WhenRateEvent_ThenInvariantsHold" classname="org.example.ApplicationLayer.EventServiceTest" time="0.02"/>
  <testcase name="GivenNegativePriceMin_WhenSearchEvents_ThenThrowsIllegalArgumentException" classname="org.example.ApplicationLayer.EventServiceTest" time="0.002"/>
  <testcase name="GivenAreaIsSittingArea_WhenAddStandingTickets_ThenThrowsIllegalArgumentException" classname="org.example.ApplicationLayer.EventServiceTest" time="0.005">
    <system-err><![CDATA[May 13, 2026 1:36:29 PM org.example.ApplicationLayer.EventService addStandingTickets
SEVERE: Error adding standing tickets to event 0953238e-d1d4-455e-b047-352067b62c45: area is not a standing area: 499b5eb3-2143-4fa3-ac04-17ed9e7b28cd
]]></system-err>
  </testcase>
  <testcase name="GivenUserHasAlreadyRatedTheEvent_WhenRateEvent_ThenDomainExceptionPropagates" classname="org.example.ApplicationLayer.EventServiceTest" time="0.002"/>
  <testcase name="GivenDiscountIsZero_WhenAddOvertDiscount_ThenDiscountRuleIsStillAdded" classname="org.example.ApplicationLayer.EventServiceTest" time="0.001"/>
  <testcase name="GivenAllFlagsFalse_WhenDeletePolicyRule_ThenNoRuleIsRemoved" classname="org.example.ApplicationLayer.EventServiceTest" time="0.001"/>
  <testcase name="GivenAreaIsStandingArea_WhenAddSittingTickets_ThenThrowsIllegalArgumentException" classname="org.example.ApplicationLayer.EventServiceTest" time="0.005">
    <system-err><![CDATA[May 13, 2026 1:36:29 PM org.example.ApplicationLayer.EventService addSittingTickets
SEVERE: Error adding sitting tickets to event b9849eb2-1646-4df9-b2c0-817d7606e6de: area is not a sitting area: 2a65ff05-ed37-4dac-82af-c5007acc2e8f
]]></system-err>
  </testcase>
  <testcase name="GivenEventDoesNotExist_WhenDeleteEvent_ThenThrowsDomainException" classname="org.example.ApplicationLayer.EventServiceTest" time="0.002">
    <system-err><![CDATA[May 13, 2026 1:36:29 PM org.example.ApplicationLayer.EventService deleteEvent
SEVERE: Error deleting event 1ddd06aa-8b15-4a2b-8837-cc3e5f37f58d: Event not found
]]></system-err>
  </testcase>
  <testcase name="GivenSaveThrowsRuntimeException_WhenRateEvent_ThenExceptionPropagates" classname="org.example.ApplicationLayer.EventServiceTest" time="0.002"/>
  <testcase name="GivenRatingZero_WhenRateEvent_ThenServiceAcceptsItAndDelegates" classname="org.example.ApplicationLayer.EventServiceTest" time="0.001"/>
  <testcase name="GivenFreshEvent_WhenGetTotalCapacity_ThenReturnsZero" classname="org.example.ApplicationLayer.EventServiceTest" time="0.0"/>
  <testcase name="GivenEventDoesNotExist_WhenRemoveDiscount_ThenDomainThrowsIllegalArgumentException" classname="org.example.ApplicationLayer.EventServiceTest" time="0.002"/>
  <testcase name="GivenOnlyAgeIsPresent_WhenAddPolicyRule_ThenExactlyTheAgeRuleIsAdded" classname="org.example.ApplicationLayer.EventServiceTest" time="0.001"/>
  <testcase name="GivenStandingAndSittingTicketsAdded_WhenGetTotalCapacity_ThenReturnsSumOfTickets" classname="org.example.ApplicationLayer.EventServiceTest" time="0.001"/>
  <testcase name="GivenCompanyIdCriteria_WhenMatches_ThenOnlyEventsFromThatCompanyPass" classname="org.example.ApplicationLayer.EventServiceTest" time="0.001"/>
  <testcase name="GivenManyConcurrentValidRatingsFromDistinctUsers_WhenRateEvent_ThenAllAreAcceptedAndPersisted" classname="org.example.ApplicationLayer.EventServiceTest" time="0.023"/>
  <testcase name="GivenMixedFlags_WhenDeletePolicyRule_ThenExactlyTheSelectedRulesAreRemoved" classname="org.example.ApplicationLayer.EventServiceTest" time="0.002"/>
  <testcase name="GivenSittingAreaAndPositiveDimensions_WhenAddSittingTickets_ThenAllSeatsAreCreated" classname="org.example.ApplicationLayer.EventServiceTest" time="0.002">
    <system-err><![CDATA[May 13, 2026 1:36:29 PM org.example.ApplicationLayer.EventService addSittingTickets
INFO: Added 12 sitting tickets to area b5ace8b2-dc45-442a-b5e2-14d463d54ec7 of event e227c76d-3919-4b7d-9e8f-4a19fdbe6bcc
]]></system-err>
  </testcase>
  <testcase name="GivenEventDoesNotExist_WhenDeletePolicyRule_ThenDomainThrowsIllegalArgumentException" classname="org.example.ApplicationLayer.EventServiceTest" time="0.001"/>
  <testcase name="GivenNegativeRating_WhenRateEvent_ThenThrowsIllegalArgumentExceptionAtServiceLayer" classname="org.example.ApplicationLayer.EventServiceTest" time="0.001"/>
  <testcase name="GivenEventDoesNotExist_WhenAddOvertDiscount_ThenDomainThrowsIllegalArgumentException" classname="org.example.ApplicationLayer.EventServiceTest" time="0.002"/>
  <testcase name="GivenNegativeDiscount_WhenAddConditionalDiscount_ThenThrowsIllegalArgumentExceptionAtServiceLayer" classname="org.example.ApplicationLayer.EventServiceTest" time="0.002"/>
  <testcase name="GivenZeroRows_WhenAddSittingTickets_ThenThrowsIllegalArgumentException" classname="org.example.ApplicationLayer.EventServiceTest" time="0.002"/>
  <testcase name="GivenToDateIsToday_WhenAddOvertDiscount_ThenDiscountRuleIsAdded" classname="org.example.ApplicationLayer.EventServiceTest" time="0.001"/>
  <testcase name="GivenNullCompanyId_WhenSearchEventsByCompany_ThenThrowsIllegalArgumentException" classname="org.example.ApplicationLayer.EventServiceTest" time="0.002"/>
  <testcase name="GivenMinTicketIsZero_WhenAddPolicyRule_ThenServiceAcceptsItAndDelegates" classname="org.example.ApplicationLayer.EventServiceTest" time="0.001"/>
  <testcase name="GivenDiscountAboveHundred_WhenAddOvertDiscount_ThenThrowsIllegalArgumentExceptionAtServiceLayer" classname="org.example.ApplicationLayer.EventServiceTest" time="0.001"/>
  <testcase name="GivenNegativeDiscount_WhenAddCouponCode_ThenThrowsIllegalArgumentExceptionAtServiceLayer" classname="org.example.ApplicationLayer.EventServiceTest" time="0.002"/>
  <testcase name="GivenDiscountIsHundred_WhenAddOvertDiscount_ThenDiscountRuleIsStillAdded" classname="org.example.ApplicationLayer.EventServiceTest" time="0.0"/>
  <testcase name="GivenExistingEventWithAreasAndPolicies_WhenGetEventDetails_ThenAllSectionsArePopulated" classname="org.example.ApplicationLayer.EventServiceTest" time="0.009">
    <system-err><![CDATA[May 13, 2026 1:36:29 PM org.example.ApplicationLayer.EventService getEventDetails
INFO: getEventDetails requested for event 3fd865ec-56a4-4341-9797-65efdaaa45bf
]]></system-err>
  </testcase>
  <testcase name="GivenBlankOwnerUsername_WhenGetEventPurchaseHistoryForOwner_ThenThrowsIllegalArgumentException" classname="org.example.ApplicationLayer.EventServiceTest" time="0.0"/>
  <testcase name="GivenSomeEventsAreCanceled_WhenSearchEvents_ThenOnlyActiveEventsReturned" classname="org.example.ApplicationLayer.EventServiceTest" time="0.004">
    <system-err><![CDATA[May 13, 2026 1:36:29 PM org.example.ApplicationLayer.EventService searchEvents
INFO: searchEvents requested with criteria: EventSearchCriteria[text=Optional.empty, location=Optional.empty, priceMin=Optional.empty, priceMax=Optional.empty, dateFrom=Optional.empty, dateTo=Optional.empty, minEventRating=Optional.empty, minCompanyRating=Optional.empty, companyId=Optional.empty]
]]></system-err>
  </testcase>
  <testcase name="GivenAuthorizedOwnerAndExistingEvent_WhenGetEventPurchaseHistoryForOwner_ThenReturnsHistoryFromRepository" classname="org.example.ApplicationLayer.EventServiceTest" time="0.0"/>
  <testcase name="GivenTextCriteria_WhenSearchEvents_ThenReturnsEventsWhereTextMatchesNameArtistTypeOrTag" classname="org.example.ApplicationLayer.EventServiceTest" time="0.002">
    <system-err><![CDATA[May 13, 2026 1:36:29 PM org.example.ApplicationLayer.EventService searchEvents
INFO: searchEvents requested with criteria: EventSearchCriteria[text=Optional[coldplay], location=Optional.empty, priceMin=Optional.empty, priceMax=Optional.empty, dateFrom=Optional.empty, dateTo=Optional.empty, minEventRating=Optional.empty, minCompanyRating=Optional.empty, companyId=Optional.empty]
]]></system-err>
  </testcase>
  <testcase name="GivenDateRange_WhenSearchEvents_ThenReturnsEventsInRange" classname="org.example.ApplicationLayer.EventServiceTest" time="0.001">
    <system-err><![CDATA[May 13, 2026 1:36:29 PM org.example.ApplicationLayer.EventService searchEvents
INFO: searchEvents requested with criteria: EventSearchCriteria[text=Optional.empty, location=Optional.empty, priceMin=Optional.empty, priceMax=Optional.empty, dateFrom=Optional[2026-05-18T13:36:29.436401400], dateTo=Optional[2026-06-12T13:36:29.436401400], minEventRating=Optional.empty, minCompanyRating=Optional.empty, companyId=Optional.empty]
]]></system-err>
  </testcase>
  <testcase name="eventRate_samePerson_thenItFails" classname="org.example.ApplicationLayer.EventServiceTest" time="0.0"/>
  <testcase name="GivenUnknownDiscountId_WhenRemoveDiscount_ThenNoRuleIsRemoved" classname="org.example.ApplicationLayer.EventServiceTest" time="0.0"/>
  <testcase name="GivenNegativeAge_WhenAddPolicyRule_ThenThrowsIllegalArgumentExceptionAtServiceLayer" classname="org.example.ApplicationLayer.EventServiceTest" time="0.001"/>
  <testcase name="GivenNoActiveCompanies_WhenBrowseCatalog_ThenReturnsEmptyListAndDoesNotThrow" classname="org.example.ApplicationLayer.EventServiceTest" time="0.005">
    <system-err><![CDATA[May 13, 2026 1:36:29 PM org.example.ApplicationLayer.EventService browseCatalog
INFO: browseCatalog requested
May 13, 2026 1:36:29 PM org.example.ApplicationLayer.EventService browseCatalog
INFO: browseCatalog returned no active companies
]]></system-err>
  </testcase>
  <testcase name="testRemoveDiscount_VerifyRemovalByID" classname="org.example.ApplicationLayer.EventServiceTest" time="0.0"/>
  <testcase name="GivenToDateInPast_WhenAddOvertDiscount_ThenThrowsIllegalArgumentExceptionAtServiceLayer" classname="org.example.ApplicationLayer.EventServiceTest" time="0.002"/>
  <testcase name="GivenRatingFive_WhenRateEvent_ThenServiceAcceptsItAndDelegates" classname="org.example.ApplicationLayer.EventServiceTest" time="0.001"/>
</testsuite>